0 verbose cli /Users/admin/.nvm/versions/node/v24.11.1/bin/node /Users/admin/.nvm/versions/node/v24.11.1/bin/npm
1 info using npm@11.6.2
2 info using node@v24.11.1
3 silly config load:file:/Users/admin/.nvm/versions/node/v24.11.1/lib/node_modules/npm/npmrc
4 silly config load:file:/Users/admin/Desktop/字节/课题/mini-ad-wall/client/.npmrc
5 silly config load:file:/Users/admin/.npmrc
6 silly config load:file:/Users/admin/.nvm/versions/node/v24.11.1/etc/npmrc
7 verbose title npm install
8 verbose argv "install" "--cache" "../.npm-cache"
9 verbose logfile logs-max:10 dir:/Users/admin/Desktop/字节/课题/mini-ad-wall/.npm-cache/_logs/2025-12-08T00_51_59_034Z-
10 verbose logfile /Users/admin/Desktop/字节/课题/mini-ad-wall/.npm-cache/_logs/2025-12-08T00_51_59_034Z-debug-0.log
11 silly logfile done cleaning log files
12 silly packumentCache heap:4496293888 maxSize:1124073472 maxEntrySize:562036736
13 silly idealTree buildDeps
14 silly fetch manifest axios@^1.6.0
15 silly packumentCache full:https://registry.npmjs.org/axios cache-miss
16 http cache https://registry.npmjs.org/axios 10ms (cache hit)
17 silly packumentCache full:https://registry.npmjs.org/axios set size:733991 disposed:false
18 silly fetch manifest react@^18.2.0
19 silly packumentCache full:https://registry.npmjs.org/react cache-miss
20 http cache https://registry.npmjs.org/react 11ms (cache hit)
21 silly packumentCache full:https://registry.npmjs.org/react set size:6308808 disposed:false
22 silly fetch manifest react-dom@^18.2.0
23 silly packumentCache full:https://registry.npmjs.org/react-dom cache-miss
24 http cache https://registry.npmjs.org/react-dom 14ms (cache hit)
25 silly packumentCache full:https://registry.npmjs.org/react-dom set size:8282918 disposed:false
26 silly fetch manifest @types/react@^18.2.15
27 silly packumentCache full:https://registry.npmjs.org/@types%2freact cache-miss
28 http cache https://registry.npmjs.org/@types%2freact 14ms (cache hit)
29 silly packumentCache full:https://registry.npmjs.org/@types%2freact set size:2541992 disposed:false
30 silly fetch manifest @types/react-dom@^18.2.7
31 silly packumentCache full:https://registry.npmjs.org/@types%2freact-dom cache-miss
32 http cache https://registry.npmjs.org/@types%2freact-dom 3ms (cache hit)
33 silly packumentCache full:https://registry.npmjs.org/@types%2freact-dom set size:429026 disposed:false
34 silly fetch manifest @vitejs/plugin-react@^4.0.3
35 silly packumentCache full:https://registry.npmjs.org/@vitejs%2fplugin-react cache-miss
36 http cache https://registry.npmjs.org/@vitejs%2fplugin-react 2ms (cache hit)
37 silly packumentCache full:https://registry.npmjs.org/@vitejs%2fplugin-react set size:242196 disposed:false
38 silly fetch manifest vite@^4.4.5
39 silly packumentCache full:https://registry.npmjs.org/vite cache-miss
40 http cache https://registry.npmjs.org/vite 53ms (cache hit)
41 silly packumentCache full:https://registry.npmjs.org/vite set size:38629544 disposed:false
42 silly fetch manifest @types/node@>= 14
43 silly packumentCache full:https://registry.npmjs.org/@types%2fnode cache-miss
44 http cache https://registry.npmjs.org/@types%2fnode 17ms (cache hit)
45 silly packumentCache full:https://registry.npmjs.org/@types%2fnode set size:10693501 disposed:false
46 silly fetch manifest less@*
47 silly packumentCache full:https://registry.npmjs.org/less cache-miss
48 http cache https://registry.npmjs.org/less 3ms (cache hit)
49 silly packumentCache full:https://registry.npmjs.org/less set size:425893 disposed:false
50 silly fetch manifest lightningcss@^1.21.0
51 silly packumentCache full:https://registry.npmjs.org/lightningcss cache-miss
52 http cache https://registry.npmjs.org/lightningcss 2ms (cache hit)
53 silly packumentCache full:https://registry.npmjs.org/lightningcss set size:173815 disposed:false
54 silly fetch manifest sass@*
55 silly packumentCache full:https://registry.npmjs.org/sass cache-miss
56 http cache https://registry.npmjs.org/sass 2ms (cache hit)
57 silly packumentCache full:https://registry.npmjs.org/sass set size:705319 disposed:false
58 silly fetch manifest stylus@*
59 silly packumentCache full:https://registry.npmjs.org/stylus cache-miss
60 http cache https://registry.npmjs.org/stylus 2ms (cache hit)
61 silly packumentCache full:https://registry.npmjs.org/stylus set size:286766 disposed:false
62 silly fetch manifest sugarss@*
63 silly packumentCache full:https://registry.npmjs.org/sugarss cache-miss
64 http cache https://registry.npmjs.org/sugarss 1ms (cache hit)
65 silly packumentCache full:https://registry.npmjs.org/sugarss set size:44975 disposed:false
66 silly fetch manifest postcss@^8.3.3
67 silly packumentCache full:https://registry.npmjs.org/postcss cache-miss
68 http cache https://registry.npmjs.org/postcss 2ms (cache hit)
69 silly packumentCache full:https://registry.npmjs.org/postcss set size:696248 disposed:false
70 silly fetch manifest terser@^5.4.0
71 silly packumentCache full:https://registry.npmjs.org/terser cache-miss
72 http cache https://registry.npmjs.org/terser 3ms (cache hit)
73 silly packumentCache full:https://registry.npmjs.org/terser set size:780033 disposed:false
74 silly placeDep ROOT @types/react@18.3.27 OK for: mini-ad-wall-client@0.0.0 want: ^18.2.15
75 silly placeDep ROOT @types/react-dom@18.3.7 OK for: mini-ad-wall-client@0.0.0 want: ^18.2.7
76 silly placeDep ROOT @vitejs/plugin-react@4.7.0 OK for: mini-ad-wall-client@0.0.0 want: ^4.0.3
77 silly placeDep ROOT vite@4.5.14 OK for: @vitejs/plugin-react@4.7.0 want: ^4.2.0 || ^5.0.0 || ^6.0.0 || ^7.0.0
78 silly placeDep ROOT axios@1.13.2 OK for: mini-ad-wall-client@0.0.0 want: ^1.6.0
79 silly placeDep ROOT react@18.3.1 OK for: mini-ad-wall-client@0.0.0 want: ^18.2.0
80 silly placeDep ROOT react-dom@18.3.1 OK for: mini-ad-wall-client@0.0.0 want: ^18.2.0
81 silly fetch manifest csstype@^3.2.2
82 silly packumentCache full:https://registry.npmjs.org/csstype cache-miss
83 silly fetch manifest @types/prop-types@*
84 silly packumentCache full:https://registry.npmjs.org/@types%2fprop-types cache-miss
85 silly fetch manifest @babel/core@^7.28.0
86 silly packumentCache full:https://registry.npmjs.org/@babel%2fcore cache-miss
87 silly fetch manifest react-refresh@^0.17.0
88 silly packumentCache full:https://registry.npmjs.org/react-refresh cache-miss
89 silly fetch manifest @types/babel__core@^7.20.5
90 silly packumentCache full:https://registry.npmjs.org/@types%2fbabel__core cache-miss
91 silly fetch manifest @rolldown/pluginutils@1.0.0-beta.27
92 silly packumentCache full:https://registry.npmjs.org/@rolldown%2fpluginutils cache-miss
93 silly fetch manifest @babel/plugin-transform-react-jsx-self@^7.27.1
94 silly packumentCache full:https://registry.npmjs.org/@babel%2fplugin-transform-react-jsx-self cache-miss
95 silly fetch manifest @babel/plugin-transform-react-jsx-source@^7.27.1
96 silly packumentCache full:https://registry.npmjs.org/@babel%2fplugin-transform-react-jsx-source cache-miss
97 silly fetch manifest rollup@^3.27.1
98 silly packumentCache full:https://registry.npmjs.org/rollup cache-miss
99 http cache https://registry.npmjs.org/@babel%2fplugin-transform-react-jsx-self 5ms (cache hit)
100 silly packumentCache full:https://registry.npmjs.org/@babel%2fplugin-transform-react-jsx-self set size:198119 disposed:false
101 silly fetch manifest esbuild@^0.18.10
102 silly packumentCache full:https://registry.npmjs.org/esbuild cache-miss
103 http cache https://registry.npmjs.org/@rolldown%2fpluginutils 8ms (cache hit)
104 silly packumentCache full:https://registry.npmjs.org/@rolldown%2fpluginutils set size:229663 disposed:false
105 silly fetch manifest postcss@^8.4.27
106 silly packumentCache full:https://registry.npmjs.org/postcss cache-hit
107 silly fetch manifest fsevents@~2.3.2
108 silly packumentCache full:https://registry.npmjs.org/fsevents cache-miss
109 http cache https://registry.npmjs.org/csstype 11ms (cache hit)
110 silly packumentCache full:https://registry.npmjs.org/csstype set size:274189 disposed:false
111 silly fetch manifest follow-redirects@^1.15.6
112 silly packumentCache full:https://registry.npmjs.org/follow-redirects cache-miss
113 http cache https://registry.npmjs.org/@types%2fprop-types 13ms (cache hit)
114 silly packumentCache full:https://registry.npmjs.org/@types%2fprop-types set size:53942 disposed:false
115 silly fetch manifest form-data@^4.0.4
116 silly packumentCache full:https://registry.npmjs.org/form-data cache-miss
117 http cache https://registry.npmjs.org/@babel%2fplugin-transform-react-jsx-source 13ms (cache hit)
118 silly packumentCache full:https://registry.npmjs.org/@babel%2fplugin-transform-react-jsx-source set size:203114 disposed:false
119 silly fetch manifest proxy-from-env@^1.1.0
120 silly packumentCache full:https://registry.npmjs.org/proxy-from-env cache-miss
121 http cache https://registry.npmjs.org/@babel%2fcore 16ms (cache hit)
122 silly packumentCache full:https://registry.npmjs.org/@babel%2fcore set size:738278 disposed:false
123 silly fetch manifest loose-envify@^1.1.0
124 silly packumentCache full:https://registry.npmjs.org/loose-envify cache-miss
125 http cache https://registry.npmjs.org/@types%2fbabel__core 20ms (cache hit)
126 silly packumentCache full:https://registry.npmjs.org/@types%2fbabel__core set size:88676 disposed:false
127 silly fetch manifest scheduler@^0.23.2
128 silly packumentCache full:https://registry.npmjs.org/scheduler cache-miss
129 http cache https://registry.npmjs.org/rollup 27ms (cache hit)
130 silly packumentCache full:https://registry.npmjs.org/rollup set size:5970483 disposed:false
131 silly fetch manifest loose-envify@^1.1.0
132 silly packumentCache full:https://registry.npmjs.org/loose-envify cache-miss
133 http cache https://registry.npmjs.org/react-refresh 68ms (cache hit)
134 silly packumentCache full:https://registry.npmjs.org/react-refresh set size:6040931 disposed:false
135 http cache https://registry.npmjs.org/loose-envify 82ms (cache hit)
136 silly packumentCache full:https://registry.npmjs.org/loose-envify set size:12559 disposed:false
137 http cache https://registry.npmjs.org/follow-redirects 90ms (cache hit)
138 silly packumentCache full:https://registry.npmjs.org/follow-redirects set size:186700 disposed:false
139 http cache https://registry.npmjs.org/form-data 91ms (cache hit)
140 silly packumentCache full:https://registry.npmjs.org/form-data set size:153646 disposed:false
141 http cache https://registry.npmjs.org/esbuild 100ms (cache hit)
142 silly packumentCache full:https://registry.npmjs.org/esbuild set size:1237167 disposed:false
143 http cache https://registry.npmjs.org/scheduler 98ms (cache hit)
144 silly packumentCache full:https://registry.npmjs.org/scheduler set size:5260968 disposed:false
145 http cache https://registry.npmjs.org/proxy-from-env 128ms (cache hit)
146 silly packumentCache full:https://registry.npmjs.org/proxy-from-env set size:15831 disposed:false
147 http cache https://registry.npmjs.org/fsevents 133ms (cache hit)
148 silly packumentCache full:https://registry.npmjs.org/fsevents set size:182472 disposed:false
149 http cache https://registry.npmjs.org/loose-envify 85ms (cache hit)
150 silly packumentCache full:https://registry.npmjs.org/loose-envify set size:12559 disposed:false
151 silly packumentCache full:https://registry.npmjs.org/loose-envify dispose
152 silly placeDep ROOT @types/prop-types@15.7.15 OK for: @types/react@18.3.27 want: *
153 silly placeDep ROOT csstype@3.2.3 OK for: @types/react@18.3.27 want: ^3.2.2
154 silly placeDep ROOT @babel/core@7.28.5 OK for: @vitejs/plugin-react@4.7.0 want: ^7.28.0
155 silly placeDep ROOT @babel/plugin-transform-react-jsx-self@7.27.1 OK for: @vitejs/plugin-react@4.7.0 want: ^7.27.1
156 silly placeDep ROOT @babel/plugin-transform-react-jsx-source@7.27.1 OK for: @vitejs/plugin-react@4.7.0 want: ^7.27.1
157 silly placeDep ROOT @rolldown/pluginutils@1.0.0-beta.27 OK for: @vitejs/plugin-react@4.7.0 want: 1.0.0-beta.27
158 silly placeDep ROOT @types/babel__core@7.20.5 OK for: @vitejs/plugin-react@4.7.0 want: ^7.20.5
159 silly placeDep ROOT react-refresh@0.17.0 OK for: @vitejs/plugin-react@4.7.0 want: ^0.17.0
160 silly fetch manifest @babel/code-frame@^7.27.1
161 silly packumentCache full:https://registry.npmjs.org/@babel%2fcode-frame cache-miss
162 silly fetch manifest @babel/generator@^7.28.5
163 silly packumentCache full:https://registry.npmjs.org/@babel%2fgenerator cache-miss
164 silly fetch manifest @babel/helper-compilation-targets@^7.27.2
165 silly packumentCache full:https://registry.npmjs.org/@babel%2fhelper-compilation-targets cache-miss
166 silly fetch manifest @babel/helper-module-transforms@^7.28.3
167 silly packumentCache full:https://registry.npmjs.org/@babel%2fhelper-module-transforms cache-miss
168 silly fetch manifest @babel/helpers@^7.28.4
169 silly packumentCache full:https://registry.npmjs.org/@babel%2fhelpers cache-miss
170 silly fetch manifest @babel/parser@^7.28.5
171 silly packumentCache full:https://registry.npmjs.org/@babel%2fparser cache-miss
172 silly fetch manifest @babel/template@^7.27.2
173 silly packumentCache full:https://registry.npmjs.org/@babel%2ftemplate cache-miss
174 silly fetch manifest @babel/traverse@^7.28.5
175 silly packumentCache full:https://registry.npmjs.org/@babel%2ftraverse cache-miss
176 silly fetch manifest @babel/types@^7.28.5
177 silly packumentCache full:https://registry.npmjs.org/@babel%2ftypes cache-miss
178 http cache https://registry.npmjs.org/@babel%2fcode-frame 27ms (cache hit)
179 silly packumentCache full:https://registry.npmjs.org/@babel%2fcode-frame set size:184359 disposed:false
180 silly fetch manifest @jridgewell/remapping@^2.3.5
181 silly packumentCache full:https://registry.npmjs.org/@jridgewell%2fremapping cache-miss
182 http cache https://registry.npmjs.org/@babel%2ftemplate 28ms (cache hit)
183 silly packumentCache full:https://registry.npmjs.org/@babel%2ftemplate set size:217684 disposed:false
184 silly fetch manifest convert-source-map@^2.0.0
185 silly packumentCache full:https://registry.npmjs.org/convert-source-map cache-miss
186 http cache https://registry.npmjs.org/@babel%2fhelper-module-transforms 30ms (cache hit)
187 silly packumentCache full:https://registry.npmjs.org/@babel%2fhelper-module-transforms set size:323311 disposed:false
188 silly fetch manifest debug@^4.1.0
189 silly packumentCache full:https://registry.npmjs.org/debug cache-miss
190 http cache https://registry.npmjs.org/@babel%2fparser 32ms (cache hit)
191 silly packumentCache full:https://registry.npmjs.org/@babel%2fparser set size:702781 disposed:false
192 silly fetch manifest gensync@^1.0.0-beta.2
193 silly packumentCache full:https://registry.npmjs.org/gensync cache-miss
194 http cache https://registry.npmjs.org/@babel%2fhelper-compilation-targets 39ms (cache hit)
195 silly packumentCache full:https://registry.npmjs.org/@babel%2fhelper-compilation-targets set size:208417 disposed:false
196 silly fetch manifest json5@^2.2.3
197 silly packumentCache full:https://registry.npmjs.org/json5 cache-miss
198 http cache https://registry.npmjs.org/@babel%2ftraverse 40ms (cache hit)
199 silly packumentCache full:https://registry.npmjs.org/@babel%2ftraverse set size:535703 disposed:false
200 silly fetch manifest semver@^6.3.1
201 silly packumentCache full:https://registry.npmjs.org/semver cache-miss
202 http cache https://registry.npmjs.org/@babel%2fhelpers 47ms (cache hit)
203 silly packumentCache full:https://registry.npmjs.org/@babel%2fhelpers set size:376815 disposed:false
204 silly fetch manifest @babel/helper-plugin-utils@^7.27.1
205 silly packumentCache full:https://registry.npmjs.org/@babel%2fhelper-plugin-utils cache-miss
206 http cache https://registry.npmjs.org/@babel%2ftypes 49ms (cache hit)
207 silly packumentCache full:https://registry.npmjs.org/@babel%2ftypes set size:475698 disposed:false
208 silly fetch manifest @babel/helper-plugin-utils@^7.27.1
209 silly packumentCache full:https://registry.npmjs.org/@babel%2fhelper-plugin-utils cache-miss
210 http cache https://registry.npmjs.org/debug 25ms (cache hit)
211 silly packumentCache full:https://registry.npmjs.org/debug set size:195840 disposed:false
212 silly fetch manifest @babel/types@^7.20.7
213 silly packumentCache full:https://registry.npmjs.org/@babel%2ftypes cache-hit
214 silly fetch manifest @babel/parser@^7.20.7
215 silly packumentCache full:https://registry.npmjs.org/@babel%2fparser cache-hit
216 silly fetch manifest @types/babel__template@*
217 silly packumentCache full:https://registry.npmjs.org/@types%2fbabel__template cache-miss
218 http fetch GET 200 https://registry.npmjs.org/@babel%2fhelper-plugin-utils 388ms (cache miss)
219 silly packumentCache full:https://registry.npmjs.org/@babel%2fhelper-plugin-utils set size:undefined disposed:false
220 silly fetch manifest @types/babel__traverse@*
221 silly packumentCache full:https://registry.npmjs.org/@types%2fbabel__traverse cache-miss
222 http fetch GET 200 https://registry.npmjs.org/@babel%2fgenerator 444ms (cache miss)
223 silly packumentCache full:https://registry.npmjs.org/@babel%2fgenerator set size:undefined disposed:false
224 silly fetch manifest @types/babel__generator@*
225 silly packumentCache full:https://registry.npmjs.org/@types%2fbabel__generator cache-miss
226 http fetch GET 200 https://registry.npmjs.org/json5 452ms (cache miss)
227 silly packumentCache full:https://registry.npmjs.org/json5 set size:undefined disposed:false
228 http fetch GET 200 https://registry.npmjs.org/gensync 458ms (cache miss)
229 silly packumentCache full:https://registry.npmjs.org/gensync set size:undefined disposed:false
230 http fetch GET 200 https://registry.npmjs.org/@babel%2fhelper-plugin-utils 457ms (cache miss)
231 silly packumentCache full:https://registry.npmjs.org/@babel%2fhelper-plugin-utils set size:undefined disposed:false
232 http fetch GET 200 https://registry.npmjs.org/@types%2fbabel__template 463ms (cache miss)
233 silly packumentCache full:https://registry.npmjs.org/@types%2fbabel__template set size:undefined disposed:false
234 http fetch GET 200 https://registry.npmjs.org/@jridgewell%2fremapping 496ms (cache miss)
235 silly packumentCache full:https://registry.npmjs.org/@jridgewell%2fremapping set size:undefined disposed:false
236 http fetch GET 200 https://registry.npmjs.org/convert-source-map 494ms (cache miss)
237 silly packumentCache full:https://registry.npmjs.org/convert-source-map set size:undefined disposed:false
238 http fetch GET 200 https://registry.npmjs.org/@types%2fbabel__traverse 119ms (cache miss)
239 silly packumentCache full:https://registry.npmjs.org/@types%2fbabel__traverse set size:undefined disposed:false
240 http fetch GET 200 https://registry.npmjs.org/semver 517ms (cache miss)
241 silly packumentCache full:https://registry.npmjs.org/semver set size:undefined disposed:false
242 http fetch GET 200 https://registry.npmjs.org/@types%2fbabel__generator 131ms (cache miss)
243 silly packumentCache full:https://registry.npmjs.org/@types%2fbabel__generator set size:undefined disposed:false
244 silly fetch manifest @babel/core@^7.0.0
245 silly packumentCache full:https://registry.npmjs.org/@babel%2fcore cache-hit
246 silly placeDep ROOT @babel/code-frame@7.27.1 OK for: @babel/core@7.28.5 want: ^7.27.1
247 silly placeDep ROOT @babel/generator@7.28.5 OK for: @babel/core@7.28.5 want: ^7.28.5
248 silly placeDep ROOT @babel/helper-compilation-targets@7.27.2 OK for: @babel/core@7.28.5 want: ^7.27.2
249 silly placeDep ROOT @babel/helper-module-transforms@7.28.3 OK for: @babel/core@7.28.5 want: ^7.28.3
250 silly placeDep ROOT @babel/helpers@7.28.4 OK for: @babel/core@7.28.5 want: ^7.28.4
251 silly placeDep ROOT @babel/parser@7.28.5 OK for: @babel/core@7.28.5 want: ^7.28.5
252 silly placeDep ROOT @babel/template@7.27.2 OK for: @babel/core@7.28.5 want: ^7.27.2
253 silly placeDep ROOT @babel/traverse@7.28.5 OK for: @babel/core@7.28.5 want: ^7.28.5
254 silly placeDep ROOT @babel/types@7.28.5 OK for: @babel/core@7.28.5 want: ^7.28.5
255 silly placeDep ROOT @jridgewell/remapping@2.3.5 OK for: @babel/core@7.28.5 want: ^2.3.5
256 silly placeDep ROOT convert-source-map@2.0.0 OK for: @babel/core@7.28.5 want: ^2.0.0
257 silly placeDep ROOT debug@4.4.3 OK for: @babel/core@7.28.5 want: ^4.1.0
258 silly placeDep ROOT gensync@1.0.0-beta.2 OK for: @babel/core@7.28.5 want: ^1.0.0-beta.2
259 silly placeDep ROOT json5@2.2.3 OK for: @babel/core@7.28.5 want: ^2.2.3
260 silly placeDep ROOT semver@6.3.1 OK for: @babel/core@7.28.5 want: ^6.3.1
261 silly fetch manifest js-tokens@^4.0.0
262 silly packumentCache full:https://registry.npmjs.org/js-tokens cache-miss
263 silly fetch manifest picocolors@^1.1.1
264 silly packumentCache full:https://registry.npmjs.org/picocolors cache-miss
265 silly fetch manifest @babel/helper-validator-identifier@^7.27.1
266 silly packumentCache full:https://registry.npmjs.org/@babel%2fhelper-validator-identifier cache-miss
267 silly fetch manifest @jridgewell/gen-mapping@^0.3.12
268 silly packumentCache full:https://registry.npmjs.org/@jridgewell%2fgen-mapping cache-miss
269 silly fetch manifest @jridgewell/trace-mapping@^0.3.28
270 silly packumentCache full:https://registry.npmjs.org/@jridgewell%2ftrace-mapping cache-miss
271 silly fetch manifest jsesc@^3.0.2
272 silly packumentCache full:https://registry.npmjs.org/jsesc cache-miss
273 silly fetch manifest lru-cache@^5.1.1
274 silly packumentCache full:https://registry.npmjs.org/lru-cache cache-miss
275 silly fetch manifest browserslist@^4.24.0
276 silly packumentCache full:https://registry.npmjs.org/browserslist cache-miss
277 silly fetch manifest @babel/compat-data@^7.27.2
278 silly packumentCache full:https://registry.npmjs.org/@babel%2fcompat-data cache-miss
279 http fetch GET 200 https://registry.npmjs.org/js-tokens 121ms (cache miss)
280 silly packumentCache full:https://registry.npmjs.org/js-tokens set size:undefined disposed:false
281 silly fetch manifest @babel/helper-validator-option@^7.27.1
282 silly packumentCache full:https://registry.npmjs.org/@babel%2fhelper-validator-option cache-miss
283 http fetch GET 200 https://registry.npmjs.org/picocolors 133ms (cache miss)
284 silly packumentCache full:https://registry.npmjs.org/picocolors set size:undefined disposed:false
285 silly fetch manifest @babel/traverse@^7.28.3
286 silly packumentCache full:https://registry.npmjs.org/@babel%2ftraverse cache-hit
287 silly fetch manifest @babel/helper-module-imports@^7.27.1
288 silly packumentCache full:https://registry.npmjs.org/@babel%2fhelper-module-imports cache-miss
289 http fetch GET 200 https://registry.npmjs.org/jsesc 139ms (cache miss)
290 silly packumentCache full:https://registry.npmjs.org/jsesc set size:undefined disposed:false
291 silly fetch manifest @babel/helper-validator-identifier@^7.27.1
292 silly packumentCache full:https://registry.npmjs.org/@babel%2fhelper-validator-identifier cache-miss
293 http fetch GET 200 https://registry.npmjs.org/@babel%2fcompat-data 168ms (cache miss)
294 silly packumentCache full:https://registry.npmjs.org/@babel%2fcompat-data set size:undefined disposed:false
295 silly fetch manifest @babel/types@^7.28.4
296 silly packumentCache full:https://registry.npmjs.org/@babel%2ftypes cache-hit
297 silly fetch manifest @babel/types@^7.27.1
298 silly packumentCache full:https://registry.npmjs.org/@babel%2ftypes cache-hit
299 silly fetch manifest @babel/helper-globals@^7.28.0
300 silly packumentCache full:https://registry.npmjs.org/@babel%2fhelper-globals cache-miss
301 http fetch GET 200 https://registry.npmjs.org/@jridgewell%2fgen-mapping 173ms (cache miss)
302 silly packumentCache full:https://registry.npmjs.org/@jridgewell%2fgen-mapping set size:undefined disposed:false
303 silly fetch manifest debug@^4.3.1
304 silly packumentCache full:https://registry.npmjs.org/debug cache-hit
305 silly fetch manifest @babel/helper-string-parser@^7.27.1
306 silly packumentCache full:https://registry.npmjs.org/@babel%2fhelper-string-parser cache-miss
307 http fetch GET 200 https://registry.npmjs.org/lru-cache 174ms (cache miss)
308 silly packumentCache full:https://registry.npmjs.org/lru-cache set size:undefined disposed:false
309 silly fetch manifest @babel/helper-validator-identifier@^7.28.5
310 silly packumentCache full:https://registry.npmjs.org/@babel%2fhelper-validator-identifier cache-miss
311 http fetch GET 200 https://registry.npmjs.org/@jridgewell%2ftrace-mapping 179ms (cache miss)
312 silly packumentCache full:https://registry.npmjs.org/@jridgewell%2ftrace-mapping set size:undefined disposed:false
313 silly fetch manifest @jridgewell/gen-mapping@^0.3.5
314 silly packumentCache full:https://registry.npmjs.org/@jridgewell%2fgen-mapping cache-miss
315 http cache https://registry.npmjs.org/@jridgewell%2fgen-mapping 1ms (cache hit)
316 silly packumentCache full:https://registry.npmjs.org/@jridgewell%2fgen-mapping set size:80719 disposed:false
317 silly fetch manifest @jridgewell/trace-mapping@^0.3.24
318 silly packumentCache full:https://registry.npmjs.org/@jridgewell%2ftrace-mapping cache-miss
319 http fetch GET 200 https://registry.npmjs.org/@babel%2fhelper-validator-identifier 185ms (cache miss)
320 silly packumentCache full:https://registry.npmjs.org/@babel%2fhelper-validator-identifier set size:undefined disposed:false
321 silly fetch manifest ms@^2.1.3
322 silly packumentCache full:https://registry.npmjs.org/ms cache-miss
323 http cache https://registry.npmjs.org/@jridgewell%2ftrace-mapping 3ms (cache hit)
324 silly packumentCache full:https://registry.npmjs.org/@jridgewell%2ftrace-mapping set size:170909 disposed:false
325 http cache https://registry.npmjs.org/ms 2ms (cache hit)
326 silly packumentCache full:https://registry.npmjs.org/ms set size:92208 disposed:false
327 http fetch GET 200 https://registry.npmjs.org/browserslist 208ms (cache miss)
328 silly packumentCache full:https://registry.npmjs.org/browserslist set size:undefined disposed:false
329 http fetch GET 200 https://registry.npmjs.org/@babel%2fhelper-validator-option 139ms (cache miss)
330 silly packumentCache full:https://registry.npmjs.org/@babel%2fhelper-validator-option set size:undefined disposed:false
331 http fetch GET 200 https://registry.npmjs.org/@babel%2fhelper-validator-identifier 158ms (cache miss)
332 silly packumentCache full:https://registry.npmjs.org/@babel%2fhelper-validator-identifier set size:undefined disposed:false
333 http fetch GET 200 https://registry.npmjs.org/@babel%2fhelper-validator-identifier 123ms (cache miss)
334 silly packumentCache full:https://registry.npmjs.org/@babel%2fhelper-validator-identifier set size:undefined disposed:false
335 http fetch GET 200 https://registry.npmjs.org/@babel%2fhelper-module-imports 168ms (cache miss)
336 silly packumentCache full:https://registry.npmjs.org/@babel%2fhelper-module-imports set size:undefined disposed:false
337 http fetch GET 200 https://registry.npmjs.org/@babel%2fhelper-globals 140ms (cache miss)
338 silly packumentCache full:https://registry.npmjs.org/@babel%2fhelper-globals set size:undefined disposed:false
339 http fetch GET 200 https://registry.npmjs.org/@babel%2fhelper-string-parser 141ms (cache miss)
340 silly packumentCache full:https://registry.npmjs.org/@babel%2fhelper-string-parser set size:undefined disposed:false
341 silly placeDep ROOT @babel/helper-validator-identifier@7.28.5 OK for: @babel/code-frame@7.27.1 want: ^7.27.1
342 silly placeDep ROOT js-tokens@4.0.0 OK for: @babel/code-frame@7.27.1 want: ^4.0.0
343 silly placeDep ROOT picocolors@1.1.1 OK for: @babel/code-frame@7.27.1 want: ^1.1.1
344 silly placeDep ROOT @jridgewell/gen-mapping@0.3.13 OK for: @babel/generator@7.28.5 want: ^0.3.12
345 silly placeDep ROOT @jridgewell/trace-mapping@0.3.31 OK for: @babel/generator@7.28.5 want: ^0.3.28
346 silly placeDep ROOT jsesc@3.1.0 OK for: @babel/generator@7.28.5 want: ^3.0.2
347 silly fetch manifest @jridgewell/sourcemap-codec@^1.5.0
348 silly packumentCache full:https://registry.npmjs.org/@jridgewell%2fsourcemap-codec cache-miss
349 silly fetch manifest @jridgewell/resolve-uri@^3.1.0
350 silly packumentCache full:https://registry.npmjs.org/@jridgewell%2fresolve-uri cache-miss
351 silly fetch manifest @jridgewell/sourcemap-codec@^1.4.14
352 silly packumentCache full:https://registry.npmjs.org/@jridgewell%2fsourcemap-codec cache-miss
353 http fetch GET 200 https://registry.npmjs.org/@jridgewell%2fsourcemap-codec 144ms (cache miss)
354 silly packumentCache full:https://registry.npmjs.org/@jridgewell%2fsourcemap-codec set size:undefined disposed:false
355 http fetch GET 200 https://registry.npmjs.org/@jridgewell%2fresolve-uri 152ms (cache miss)
356 silly packumentCache full:https://registry.npmjs.org/@jridgewell%2fresolve-uri set size:undefined disposed:false
357 http fetch GET 200 https://registry.npmjs.org/@jridgewell%2fsourcemap-codec 165ms (cache miss)
358 silly packumentCache full:https://registry.npmjs.org/@jridgewell%2fsourcemap-codec set size:undefined disposed:false
359 silly placeDep ROOT @babel/compat-data@7.28.5 OK for: @babel/helper-compilation-targets@7.27.2 want: ^7.27.2
360 silly placeDep ROOT @babel/helper-validator-option@7.27.1 OK for: @babel/helper-compilation-targets@7.27.2 want: ^7.27.1
361 silly placeDep ROOT browserslist@4.28.1 OK for: @babel/helper-compilation-targets@7.27.2 want: ^4.24.0
362 silly placeDep ROOT lru-cache@5.1.1 OK for: @babel/helper-compilation-targets@7.27.2 want: ^5.1.1
363 silly fetch manifest baseline-browser-mapping@^2.9.0
364 silly packumentCache full:https://registry.npmjs.org/baseline-browser-mapping cache-miss
365 silly fetch manifest caniuse-lite@^1.0.30001759
366 silly packumentCache full:https://registry.npmjs.org/caniuse-lite cache-miss
367 silly fetch manifest electron-to-chromium@^1.5.263
368 silly packumentCache full:https://registry.npmjs.org/electron-to-chromium cache-miss
369 silly fetch manifest node-releases@^2.0.27
370 silly packumentCache full:https://registry.npmjs.org/node-releases cache-miss
371 silly fetch manifest update-browserslist-db@^1.2.0
372 silly packumentCache full:https://registry.npmjs.org/update-browserslist-db cache-miss
373 silly fetch manifest yallist@^3.0.2
374 silly packumentCache full:https://registry.npmjs.org/yallist cache-miss
375 http fetch GET 200 https://registry.npmjs.org/yallist 124ms (cache miss)
376 silly packumentCache full:https://registry.npmjs.org/yallist set size:undefined disposed:false
377 http fetch GET 200 https://registry.npmjs.org/update-browserslist-db 132ms (cache miss)
378 silly packumentCache full:https://registry.npmjs.org/update-browserslist-db set size:undefined disposed:false
379 http fetch GET 200 https://registry.npmjs.org/baseline-browser-mapping 142ms (cache miss)
380 silly packumentCache full:https://registry.npmjs.org/baseline-browser-mapping set size:undefined disposed:false
381 http fetch GET 200 https://registry.npmjs.org/node-releases 145ms (cache miss)
382 silly packumentCache full:https://registry.npmjs.org/node-releases set size:undefined disposed:false
383 http fetch GET 200 https://registry.npmjs.org/caniuse-lite 258ms (cache miss)
384 silly packumentCache full:https://registry.npmjs.org/caniuse-lite set size:undefined disposed:false
385 http fetch GET 200 https://registry.npmjs.org/electron-to-chromium 504ms (cache miss)
386 silly packumentCache full:https://registry.npmjs.org/electron-to-chromium set size:undefined disposed:false
387 silly placeDep ROOT @babel/helper-module-imports@7.27.1 OK for: @babel/helper-module-transforms@7.28.3 want: ^7.27.1
388 silly placeDep ROOT @babel/helper-plugin-utils@7.27.1 OK for: @babel/plugin-transform-react-jsx-self@7.27.1 want: ^7.27.1
389 silly placeDep ROOT @babel/helper-globals@7.28.0 OK for: @babel/traverse@7.28.5 want: ^7.28.0
390 silly placeDep ROOT @babel/helper-string-parser@7.27.1 OK for: @babel/types@7.28.5 want: ^7.27.1
391 silly placeDep ROOT @jridgewell/sourcemap-codec@1.5.5 OK for: @jridgewell/gen-mapping@0.3.13 want: ^1.5.0
392 silly placeDep ROOT @jridgewell/resolve-uri@3.1.2 OK for: @jridgewell/trace-mapping@0.3.31 want: ^3.1.0
393 silly placeDep ROOT @types/babel__generator@7.27.0 OK for: @types/babel__core@7.20.5 want: *
394 silly placeDep ROOT @types/babel__template@7.4.4 OK for: @types/babel__core@7.20.5 want: *
395 silly placeDep ROOT @types/babel__traverse@7.28.0 OK for: @types/babel__core@7.20.5 want: *
396 silly placeDep ROOT follow-redirects@1.15.11 OK for: axios@1.13.2 want: ^1.15.6
397 silly placeDep ROOT form-data@4.0.5 OK for: axios@1.13.2 want: ^4.0.4
398 silly placeDep ROOT proxy-from-env@1.1.0 OK for: axios@1.13.2 want: ^1.1.0
399 silly fetch manifest asynckit@^0.4.0
400 silly packumentCache full:https://registry.npmjs.org/asynckit cache-miss
401 silly fetch manifest combined-stream@^1.0.8
402 silly packumentCache full:https://registry.npmjs.org/combined-stream cache-miss
403 silly fetch manifest es-set-tostringtag@^2.1.0
404 silly packumentCache full:https://registry.npmjs.org/es-set-tostringtag cache-miss
405 silly fetch manifest hasown@^2.0.2
406 silly packumentCache full:https://registry.npmjs.org/hasown cache-miss
407 silly fetch manifest mime-types@^2.1.12
408 silly packumentCache full:https://registry.npmjs.org/mime-types cache-miss
409 http cache https://registry.npmjs.org/hasown 4ms (cache hit)
410 silly packumentCache full:https://registry.npmjs.org/hasown set size:12476 disposed:false
411 http cache https://registry.npmjs.org/mime-types 5ms (cache hit)
412 silly packumentCache full:https://registry.npmjs.org/mime-types set size:139110 disposed:false
413 http fetch GET 200 https://registry.npmjs.org/asynckit 126ms (cache miss)
414 silly packumentCache full:https://registry.npmjs.org/asynckit set size:undefined disposed:false
415 http fetch GET 200 https://registry.npmjs.org/combined-stream 128ms (cache miss)
416 silly packumentCache full:https://registry.npmjs.org/combined-stream set size:undefined disposed:false
417 http fetch GET 200 https://registry.npmjs.org/es-set-tostringtag 133ms (cache miss)
418 silly packumentCache full:https://registry.npmjs.org/es-set-tostringtag set size:undefined disposed:false
419 silly fetch manifest browserslist@>= 4.21.0
420 silly packumentCache full:https://registry.npmjs.org/browserslist cache-miss
421 http cache https://registry.npmjs.org/browserslist 3ms (cache hit)
422 silly packumentCache full:https://registry.npmjs.org/browserslist set size:502989 disposed:false
423 silly placeDep ROOT baseline-browser-mapping@2.9.4 OK for: browserslist@4.28.1 want: ^2.9.0
424 silly placeDep ROOT caniuse-lite@1.0.30001759 OK for: browserslist@4.28.1 want: ^1.0.30001759
425 silly placeDep ROOT electron-to-chromium@1.5.266 OK for: browserslist@4.28.1 want: ^1.5.263
426 silly placeDep ROOT node-releases@2.0.27 OK for: browserslist@4.28.1 want: ^2.0.27
427 silly placeDep ROOT update-browserslist-db@1.2.2 OK for: browserslist@4.28.1 want: ^1.2.0
428 silly fetch manifest escalade@^3.2.0
429 silly packumentCache full:https://registry.npmjs.org/escalade cache-miss
430 http fetch GET 200 https://registry.npmjs.org/escalade 130ms (cache miss)
431 silly packumentCache full:https://registry.npmjs.org/escalade set size:undefined disposed:false
432 silly placeDep ROOT ms@2.1.3 OK for: debug@4.4.3 want: ^2.1.3
433 silly placeDep ROOT asynckit@0.4.0 OK for: form-data@4.0.5 want: ^0.4.0
434 silly placeDep ROOT combined-stream@1.0.8 OK for: form-data@4.0.5 want: ^1.0.8
435 silly placeDep ROOT es-set-tostringtag@2.1.0 OK for: form-data@4.0.5 want: ^2.1.0
436 silly placeDep ROOT hasown@2.0.2 OK for: form-data@4.0.5 want: ^2.0.2
437 silly placeDep ROOT mime-types@2.1.35 OK for: form-data@4.0.5 want: ^2.1.12
438 silly fetch manifest delayed-stream@~1.0.0
439 silly packumentCache full:https://registry.npmjs.org/delayed-stream cache-miss
440 silly fetch manifest es-errors@^1.3.0
441 silly packumentCache full:https://registry.npmjs.org/es-errors cache-miss
442 silly fetch manifest get-intrinsic@^1.2.6
443 silly packumentCache full:https://registry.npmjs.org/get-intrinsic cache-miss
444 silly fetch manifest has-tostringtag@^1.0.2
445 silly packumentCache full:https://registry.npmjs.org/has-tostringtag cache-miss
446 silly fetch manifest function-bind@^1.1.2
447 silly packumentCache full:https://registry.npmjs.org/function-bind cache-miss
448 silly fetch manifest mime-db@1.52.0
449 silly packumentCache full:https://registry.npmjs.org/mime-db cache-miss
450 http cache https://registry.npmjs.org/get-intrinsic 5ms (cache hit)
451 silly packumentCache full:https://registry.npmjs.org/get-intrinsic set size:60985 disposed:false
452 http cache https://registry.npmjs.org/es-errors 6ms (cache hit)
453 silly packumentCache full:https://registry.npmjs.org/es-errors set size:16918 disposed:false
454 http cache https://registry.npmjs.org/mime-db 6ms (cache hit)
455 silly packumentCache full:https://registry.npmjs.org/mime-db set size:164953 disposed:false
456 http cache https://registry.npmjs.org/has-tostringtag 7ms (cache hit)
457 silly packumentCache full:https://registry.npmjs.org/has-tostringtag set size:13945 disposed:false
458 http cache https://registry.npmjs.org/function-bind 8ms (cache hit)
459 silly packumentCache full:https://registry.npmjs.org/function-bind set size:15733 disposed:false
460 http fetch GET 200 https://registry.npmjs.org/delayed-stream 137ms (cache miss)
461 silly packumentCache full:https://registry.npmjs.org/delayed-stream set size:undefined disposed:false
462 silly placeDep ROOT delayed-stream@1.0.0 OK for: combined-stream@1.0.8 want: ~1.0.0
463 silly placeDep ROOT es-errors@1.3.0 OK for: es-set-tostringtag@2.1.0 want: ^1.3.0
464 silly placeDep ROOT get-intrinsic@1.3.0 OK for: es-set-tostringtag@2.1.0 want: ^1.2.6
465 silly placeDep ROOT has-tostringtag@1.0.2 OK for: es-set-tostringtag@2.1.0 want: ^1.0.2
466 silly fetch manifest gopd@^1.2.0
467 silly packumentCache full:https://registry.npmjs.org/gopd cache-miss
468 silly fetch manifest get-proto@^1.0.1
469 silly packumentCache full:https://registry.npmjs.org/get-proto cache-miss
470 silly fetch manifest has-symbols@^1.1.0
471 silly packumentCache full:https://registry.npmjs.org/has-symbols cache-miss
472 silly fetch manifest es-object-atoms@^1.1.1
473 silly packumentCache full:https://registry.npmjs.org/es-object-atoms cache-miss
474 silly fetch manifest math-intrinsics@^1.1.0
475 silly packumentCache full:https://registry.npmjs.org/math-intrinsics cache-miss
476 silly fetch manifest es-define-property@^1.0.1
477 silly packumentCache full:https://registry.npmjs.org/es-define-property cache-miss
478 silly fetch manifest call-bind-apply-helpers@^1.0.2
479 silly packumentCache full:https://registry.npmjs.org/call-bind-apply-helpers cache-miss
480 silly fetch manifest has-symbols@^1.0.3
481 silly packumentCache full:https://registry.npmjs.org/has-symbols cache-miss
482 http cache https://registry.npmjs.org/es-define-property 5ms (cache hit)
483 silly packumentCache full:https://registry.npmjs.org/es-define-property set size:8542 disposed:false
484 http cache https://registry.npmjs.org/has-symbols 7ms (cache hit)
485 silly packumentCache full:https://registry.npmjs.org/has-symbols set size:21550 disposed:false
486 http cache https://registry.npmjs.org/math-intrinsics 7ms (cache hit)
487 silly packumentCache full:https://registry.npmjs.org/math-intrinsics set size:9265 disposed:false
488 http cache https://registry.npmjs.org/gopd 8ms (cache hit)
489 silly packumentCache full:https://registry.npmjs.org/gopd set size:11458 disposed:false
490 http cache https://registry.npmjs.org/call-bind-apply-helpers 7ms (cache hit)
491 silly packumentCache full:https://registry.npmjs.org/call-bind-apply-helpers set size:12744 disposed:false
492 http cache https://registry.npmjs.org/get-proto 9ms (cache hit)
493 silly packumentCache full:https://registry.npmjs.org/get-proto set size:8300 disposed:false
494 http cache https://registry.npmjs.org/es-object-atoms 8ms (cache hit)
495 silly packumentCache full:https://registry.npmjs.org/es-object-atoms set size:15304 disposed:false
496 http cache https://registry.npmjs.org/has-symbols 8ms (cache hit)
497 silly packumentCache full:https://registry.npmjs.org/has-symbols set size:21550 disposed:false
498 silly packumentCache full:https://registry.npmjs.org/has-symbols dispose
499 silly placeDep ROOT call-bind-apply-helpers@1.0.2 OK for: get-intrinsic@1.3.0 want: ^1.0.2
500 silly placeDep ROOT es-define-property@1.0.1 OK for: get-intrinsic@1.3.0 want: ^1.0.1
501 silly placeDep ROOT es-object-atoms@1.1.1 OK for: get-intrinsic@1.3.0 want: ^1.1.1
502 silly placeDep ROOT function-bind@1.1.2 OK for: get-intrinsic@1.3.0 want: ^1.1.2
503 silly placeDep ROOT get-proto@1.0.1 OK for: get-intrinsic@1.3.0 want: ^1.0.1
504 silly placeDep ROOT gopd@1.2.0 OK for: get-intrinsic@1.3.0 want: ^1.2.0
505 silly placeDep ROOT has-symbols@1.1.0 OK for: get-intrinsic@1.3.0 want: ^1.1.0
506 silly placeDep ROOT math-intrinsics@1.1.0 OK for: get-intrinsic@1.3.0 want: ^1.1.0
507 silly fetch manifest dunder-proto@^1.0.1
508 silly packumentCache full:https://registry.npmjs.org/dunder-proto cache-miss
509 http cache https://registry.npmjs.org/dunder-proto 2ms (cache hit)
510 silly packumentCache full:https://registry.npmjs.org/dunder-proto set size:8256 disposed:false
511 silly placeDep ROOT dunder-proto@1.0.1 OK for: get-proto@1.0.1 want: ^1.0.1
512 silly placeDep ROOT yallist@3.1.1 OK for: lru-cache@5.1.1 want: ^3.0.2
513 silly placeDep ROOT mime-db@1.52.0 OK for: mime-types@2.1.35 want: 1.52.0
514 silly placeDep ROOT loose-envify@1.4.0 OK for: react@18.3.1 want: ^1.1.0
515 silly placeDep ROOT scheduler@0.23.2 OK for: react-dom@18.3.1 want: ^0.23.2
516 silly placeDep ROOT escalade@3.2.0 OK for: update-browserslist-db@1.2.2 want: ^3.2.0
517 silly placeDep ROOT esbuild@0.18.20 OK for: vite@4.5.14 want: ^0.18.10
518 silly placeDep ROOT fsevents@2.3.3 OK for: vite@4.5.14 want: ~2.3.2
519 silly placeDep ROOT postcss@8.5.6 OK for: vite@4.5.14 want: ^8.4.27
520 silly placeDep ROOT rollup@3.29.5 OK for: vite@4.5.14 want: ^3.27.1
521 silly fetch manifest @esbuild/linux-arm@0.18.20
522 silly packumentCache full:https://registry.npmjs.org/@esbuild%2flinux-arm cache-miss
523 silly fetch manifest @esbuild/linux-x64@0.18.20
524 silly packumentCache full:https://registry.npmjs.org/@esbuild%2flinux-x64 cache-miss
525 silly fetch manifest @esbuild/sunos-x64@0.18.20
526 silly packumentCache full:https://registry.npmjs.org/@esbuild%2fsunos-x64 cache-miss
527 silly fetch manifest @esbuild/win32-x64@0.18.20
528 silly packumentCache full:https://registry.npmjs.org/@esbuild%2fwin32-x64 cache-miss
529 silly fetch manifest @esbuild/darwin-x64@0.18.20
530 silly packumentCache full:https://registry.npmjs.org/@esbuild%2fdarwin-x64 cache-miss
531 silly fetch manifest @esbuild/linux-ia32@0.18.20
532 silly packumentCache full:https://registry.npmjs.org/@esbuild%2flinux-ia32 cache-miss
533 silly fetch manifest @esbuild/netbsd-x64@0.18.20
534 silly packumentCache full:https://registry.npmjs.org/@esbuild%2fnetbsd-x64 cache-miss
535 silly fetch manifest @esbuild/win32-ia32@0.18.20
536 silly packumentCache full:https://registry.npmjs.org/@esbuild%2fwin32-ia32 cache-miss
537 silly fetch manifest @esbuild/android-arm@0.18.20
538 silly packumentCache full:https://registry.npmjs.org/@esbuild%2fandroid-arm cache-miss
539 http fetch GET 200 https://registry.npmjs.org/@esbuild%2flinux-x64 155ms (cache miss)
540 silly packumentCache full:https://registry.npmjs.org/@esbuild%2flinux-x64 set size:undefined disposed:false
541 silly fetch manifest @esbuild/android-x64@0.18.20
542 silly packumentCache full:https://registry.npmjs.org/@esbuild%2fandroid-x64 cache-miss
543 http fetch GET 200 https://registry.npmjs.org/@esbuild%2fwin32-x64 169ms (cache miss)
544 silly packumentCache full:https://registry.npmjs.org/@esbuild%2fwin32-x64 set size:undefined disposed:false
545 silly fetch manifest @esbuild/freebsd-x64@0.18.20
546 silly packumentCache full:https://registry.npmjs.org/@esbuild%2ffreebsd-x64 cache-miss
547 http fetch GET 200 https://registry.npmjs.org/@esbuild%2fsunos-x64 171ms (cache miss)
548 silly packumentCache full:https://registry.npmjs.org/@esbuild%2fsunos-x64 set size:undefined disposed:false
549 silly fetch manifest @esbuild/linux-arm64@0.18.20
550 silly packumentCache full:https://registry.npmjs.org/@esbuild%2flinux-arm64 cache-miss
551 http fetch GET 200 https://registry.npmjs.org/@esbuild%2fdarwin-x64 176ms (cache miss)
552 silly packumentCache full:https://registry.npmjs.org/@esbuild%2fdarwin-x64 set size:undefined disposed:false
553 silly fetch manifest @esbuild/linux-ppc64@0.18.20
554 silly packumentCache full:https://registry.npmjs.org/@esbuild%2flinux-ppc64 cache-miss
555 http fetch GET 200 https://registry.npmjs.org/@esbuild%2fandroid-arm 186ms (cache miss)
556 silly packumentCache full:https://registry.npmjs.org/@esbuild%2fandroid-arm set size:undefined disposed:false
557 silly fetch manifest @esbuild/linux-s390x@0.18.20
558 silly packumentCache full:https://registry.npmjs.org/@esbuild%2flinux-s390x cache-miss
559 http fetch GET 200 https://registry.npmjs.org/@esbuild%2flinux-arm 190ms (cache miss)
560 silly packumentCache full:https://registry.npmjs.org/@esbuild%2flinux-arm set size:undefined disposed:false
561 silly fetch manifest @esbuild/openbsd-x64@0.18.20
562 silly packumentCache full:https://registry.npmjs.org/@esbuild%2fopenbsd-x64 cache-miss
563 http fetch GET 200 https://registry.npmjs.org/@esbuild%2fnetbsd-x64 194ms (cache miss)
564 silly packumentCache full:https://registry.npmjs.org/@esbuild%2fnetbsd-x64 set size:undefined disposed:false
565 silly fetch manifest @esbuild/win32-arm64@0.18.20
566 silly packumentCache full:https://registry.npmjs.org/@esbuild%2fwin32-arm64 cache-miss
567 http fetch GET 200 https://registry.npmjs.org/@esbuild%2fwin32-ia32 198ms (cache miss)
568 silly packumentCache full:https://registry.npmjs.org/@esbuild%2fwin32-ia32 set size:undefined disposed:false
569 silly fetch manifest @esbuild/darwin-arm64@0.18.20
570 silly packumentCache full:https://registry.npmjs.org/@esbuild%2fdarwin-arm64 cache-miss
571 http fetch GET 200 https://registry.npmjs.org/@esbuild%2flinux-ia32 213ms (cache miss)
572 silly packumentCache full:https://registry.npmjs.org/@esbuild%2flinux-ia32 set size:undefined disposed:false
573 silly fetch manifest @esbuild/android-arm64@0.18.20
574 silly packumentCache full:https://registry.npmjs.org/@esbuild%2fandroid-arm64 cache-miss
575 http fetch GET 200 https://registry.npmjs.org/@esbuild%2fandroid-x64 167ms (cache miss)
576 silly packumentCache full:https://registry.npmjs.org/@esbuild%2fandroid-x64 set size:undefined disposed:false
577 silly fetch manifest @esbuild/freebsd-arm64@0.18.20
578 silly packumentCache full:https://registry.npmjs.org/@esbuild%2ffreebsd-arm64 cache-miss
579 http fetch GET 200 https://registry.npmjs.org/@esbuild%2flinux-arm64 155ms (cache miss)
580 silly packumentCache full:https://registry.npmjs.org/@esbuild%2flinux-arm64 set size:undefined disposed:false
581 silly fetch manifest @esbuild/linux-loong64@0.18.20
582 silly packumentCache full:https://registry.npmjs.org/@esbuild%2flinux-loong64 cache-miss
583 http fetch GET 200 https://registry.npmjs.org/@esbuild%2ffreebsd-x64 158ms (cache miss)
584 silly packumentCache full:https://registry.npmjs.org/@esbuild%2ffreebsd-x64 set size:undefined disposed:false
585 silly fetch manifest @esbuild/linux-riscv64@0.18.20
586 silly packumentCache full:https://registry.npmjs.org/@esbuild%2flinux-riscv64 cache-miss
587 http fetch GET 200 https://registry.npmjs.org/@esbuild%2flinux-ppc64 156ms (cache miss)
588 silly packumentCache full:https://registry.npmjs.org/@esbuild%2flinux-ppc64 set size:undefined disposed:false
589 silly fetch manifest @esbuild/linux-mips64el@0.18.20
590 silly packumentCache full:https://registry.npmjs.org/@esbuild%2flinux-mips64el cache-miss
591 http fetch GET 200 https://registry.npmjs.org/@esbuild%2fwin32-arm64 167ms (cache miss)
592 silly packumentCache full:https://registry.npmjs.org/@esbuild%2fwin32-arm64 set size:undefined disposed:false
593 silly fetch manifest nanoid@^3.3.11
594 silly packumentCache full:https://registry.npmjs.org/nanoid cache-miss
595 http fetch GET 200 https://registry.npmjs.org/@esbuild%2flinux-s390x 181ms (cache miss)
596 silly packumentCache full:https://registry.npmjs.org/@esbuild%2flinux-s390x set size:undefined disposed:false
597 silly fetch manifest source-map-js@^1.2.1
598 silly packumentCache full:https://registry.npmjs.org/source-map-js cache-miss
599 http fetch GET 200 https://registry.npmjs.org/@esbuild%2fdarwin-arm64 184ms (cache miss)
600 silly packumentCache full:https://registry.npmjs.org/@esbuild%2fdarwin-arm64 set size:undefined disposed:false
601 http fetch GET 200 https://registry.npmjs.org/@esbuild%2fandroid-arm64 172ms (cache miss)
602 silly packumentCache full:https://registry.npmjs.org/@esbuild%2fandroid-arm64 set size:undefined disposed:false
603 http fetch GET 200 https://registry.npmjs.org/@esbuild%2fopenbsd-x64 215ms (cache miss)
604 silly packumentCache full:https://registry.npmjs.org/@esbuild%2fopenbsd-x64 set size:undefined disposed:false
605 http fetch GET 200 https://registry.npmjs.org/@esbuild%2ffreebsd-arm64 146ms (cache miss)
606 silly packumentCache full:https://registry.npmjs.org/@esbuild%2ffreebsd-arm64 set size:undefined disposed:false
607 http fetch GET 200 https://registry.npmjs.org/@esbuild%2flinux-loong64 150ms (cache miss)
608 silly packumentCache full:https://registry.npmjs.org/@esbuild%2flinux-loong64 set size:undefined disposed:false
609 http fetch GET 200 https://registry.npmjs.org/@esbuild%2flinux-mips64el 146ms (cache miss)
610 silly packumentCache full:https://registry.npmjs.org/@esbuild%2flinux-mips64el set size:undefined disposed:false
611 http fetch GET 200 https://registry.npmjs.org/@esbuild%2flinux-riscv64 158ms (cache miss)
612 silly packumentCache full:https://registry.npmjs.org/@esbuild%2flinux-riscv64 set size:undefined disposed:false
613 http fetch GET 200 https://registry.npmjs.org/source-map-js 126ms (cache miss)
614 silly packumentCache full:https://registry.npmjs.org/source-map-js set size:undefined disposed:false
615 http fetch GET 200 https://registry.npmjs.org/nanoid 145ms (cache miss)
616 silly packumentCache full:https://registry.npmjs.org/nanoid set size:undefined disposed:false
617 silly placeDep ROOT @esbuild/android-arm@0.18.20 OK for: esbuild@0.18.20 want: 0.18.20
618 silly placeDep ROOT @esbuild/android-arm64@0.18.20 OK for: esbuild@0.18.20 want: 0.18.20
619 silly placeDep ROOT @esbuild/android-x64@0.18.20 OK for: esbuild@0.18.20 want: 0.18.20
620 silly placeDep ROOT @esbuild/darwin-arm64@0.18.20 OK for: esbuild@0.18.20 want: 0.18.20
621 silly placeDep ROOT @esbuild/darwin-x64@0.18.20 OK for: esbuild@0.18.20 want: 0.18.20
622 silly placeDep ROOT @esbuild/freebsd-arm64@0.18.20 OK for: esbuild@0.18.20 want: 0.18.20
623 silly placeDep ROOT @esbuild/freebsd-x64@0.18.20 OK for: esbuild@0.18.20 want: 0.18.20
624 silly placeDep ROOT @esbuild/linux-arm@0.18.20 OK for: esbuild@0.18.20 want: 0.18.20
625 silly placeDep ROOT @esbuild/linux-arm64@0.18.20 OK for: esbuild@0.18.20 want: 0.18.20
626 silly placeDep ROOT @esbuild/linux-ia32@0.18.20 OK for: esbuild@0.18.20 want: 0.18.20
627 silly placeDep ROOT @esbuild/linux-loong64@0.18.20 OK for: esbuild@0.18.20 want: 0.18.20
628 silly placeDep ROOT @esbuild/linux-mips64el@0.18.20 OK for: esbuild@0.18.20 want: 0.18.20
629 silly placeDep ROOT @esbuild/linux-ppc64@0.18.20 OK for: esbuild@0.18.20 want: 0.18.20
630 silly placeDep ROOT @esbuild/linux-riscv64@0.18.20 OK for: esbuild@0.18.20 want: 0.18.20
631 silly placeDep ROOT @esbuild/linux-s390x@0.18.20 OK for: esbuild@0.18.20 want: 0.18.20
632 silly placeDep ROOT @esbuild/linux-x64@0.18.20 OK for: esbuild@0.18.20 want: 0.18.20
633 silly placeDep ROOT @esbuild/netbsd-x64@0.18.20 OK for: esbuild@0.18.20 want: 0.18.20
634 silly placeDep ROOT @esbuild/openbsd-x64@0.18.20 OK for: esbuild@0.18.20 want: 0.18.20
635 silly placeDep ROOT @esbuild/sunos-x64@0.18.20 OK for: esbuild@0.18.20 want: 0.18.20
636 silly placeDep ROOT @esbuild/win32-arm64@0.18.20 OK for: esbuild@0.18.20 want: 0.18.20
637 silly placeDep ROOT @esbuild/win32-ia32@0.18.20 OK for: esbuild@0.18.20 want: 0.18.20
638 silly placeDep ROOT @esbuild/win32-x64@0.18.20 OK for: esbuild@0.18.20 want: 0.18.20
639 silly placeDep ROOT nanoid@3.3.11 OK for: postcss@8.5.6 want: ^3.3.11
640 silly placeDep ROOT source-map-js@1.2.1 OK for: postcss@8.5.6 want: ^1.2.1
641 silly reify moves {}
642 silly audit bulk request {
642 silly audit   '@types/react': [ '18.3.27' ],
642 silly audit   '@types/react-dom': [ '18.3.7' ],
642 silly audit   '@vitejs/plugin-react': [ '4.7.0' ],
642 silly audit   vite: [ '4.5.14' ],
642 silly audit   axios: [ '1.13.2' ],
642 silly audit   react: [ '18.3.1' ],
642 silly audit   'react-dom': [ '18.3.1' ],
642 silly audit   '@types/prop-types': [ '15.7.15' ],
642 silly audit   csstype: [ '3.2.3' ],
642 silly audit   '@babel/core': [ '7.28.5' ],
642 silly audit   '@babel/plugin-transform-react-jsx-self': [ '7.27.1' ],
642 silly audit   '@babel/plugin-transform-react-jsx-source': [ '7.27.1' ],
642 silly audit   '@rolldown/pluginutils': [ '1.0.0-beta.27' ],
642 silly audit   '@types/babel__core': [ '7.20.5' ],
642 silly audit   'react-refresh': [ '0.17.0' ],
642 silly audit   '@babel/code-frame': [ '7.27.1' ],
642 silly audit   '@babel/generator': [ '7.28.5' ],
642 silly audit   '@babel/helper-compilation-targets': [ '7.27.2' ],
642 silly audit   '@babel/helper-module-transforms': [ '7.28.3' ],
642 silly audit   '@babel/helpers': [ '7.28.4' ],
642 silly audit   '@babel/parser': [ '7.28.5' ],
642 silly audit   '@babel/template': [ '7.27.2' ],
642 silly audit   '@babel/traverse': [ '7.28.5' ],
642 silly audit   '@babel/types': [ '7.28.5' ],
642 silly audit   '@jridgewell/remapping': [ '2.3.5' ],
642 silly audit   'convert-source-map': [ '2.0.0' ],
642 silly audit   debug: [ '4.4.3' ],
642 silly audit   gensync: [ '1.0.0-beta.2' ],
642 silly audit   json5: [ '2.2.3' ],
642 silly audit   semver: [ '6.3.1' ],
642 silly audit   '@babel/helper-validator-identifier': [ '7.28.5' ],
642 silly audit   'js-tokens': [ '4.0.0' ],
642 silly audit   picocolors: [ '1.1.1' ],
642 silly audit   '@jridgewell/gen-mapping': [ '0.3.13' ],
642 silly audit   '@jridgewell/trace-mapping': [ '0.3.31' ],
642 silly audit   jsesc: [ '3.1.0' ],
642 silly audit   '@babel/compat-data': [ '7.28.5' ],
642 silly audit   '@babel/helper-validator-option': [ '7.27.1' ],
642 silly audit   browserslist: [ '4.28.1' ],
642 silly audit   'lru-cache': [ '5.1.1' ],
642 silly audit   '@babel/helper-module-imports': [ '7.27.1' ],
642 silly audit   '@babel/helper-plugin-utils': [ '7.27.1' ],
642 silly audit   '@babel/helper-globals': [ '7.28.0' ],
642 silly audit   '@babel/helper-string-parser': [ '7.27.1' ],
642 silly audit   '@jridgewell/sourcemap-codec': [ '1.5.5' ],
642 silly audit   '@jridgewell/resolve-uri': [ '3.1.2' ],
642 silly audit   '@types/babel__generator': [ '7.27.0' ],
642 silly audit   '@types/babel__template': [ '7.4.4' ],
642 silly audit   '@types/babel__traverse': [ '7.28.0' ],
642 silly audit   'follow-redirects': [ '1.15.11' ],
642 silly audit   'form-data': [ '4.0.5' ],
642 silly audit   'proxy-from-env': [ '1.1.0' ],
642 silly audit   'baseline-browser-mapping': [ '2.9.4' ],
642 silly audit   'caniuse-lite': [ '1.0.30001759' ],
642 silly audit   'electron-to-chromium': [ '1.5.266' ],
642 silly audit   'node-releases': [ '2.0.27' ],
642 silly audit   'update-browserslist-db': [ '1.2.2' ],
642 silly audit   ms: [ '2.1.3' ],
642 silly audit   asynckit: [ '0.4.0' ],
642 silly audit   'combined-stream': [ '1.0.8' ],
642 silly audit   'es-set-tostringtag': [ '2.1.0' ],
642 silly audit   hasown: [ '2.0.2' ],
642 silly audit   'mime-types': [ '2.1.35' ],
642 silly audit   'delayed-stream': [ '1.0.0' ],
642 silly audit   'es-errors': [ '1.3.0' ],
642 silly audit   'get-intrinsic': [ '1.3.0' ],
642 silly audit   'has-tostringtag': [ '1.0.2' ],
642 silly audit   'call-bind-apply-helpers': [ '1.0.2' ],
642 silly audit   'es-define-property': [ '1.0.1' ],
642 silly audit   'es-object-atoms': [ '1.1.1' ],
642 silly audit   'function-bind': [ '1.1.2' ],
642 silly audit   'get-proto': [ '1.0.1' ],
642 silly audit   gopd: [ '1.2.0' ],
642 silly audit   'has-symbols': [ '1.1.0' ],
642 silly audit   'math-intrinsics': [ '1.1.0' ],
642 silly audit   'dunder-proto': [ '1.0.1' ],
642 silly audit   yallist: [ '3.1.1' ],
642 silly audit   'mime-db': [ '1.52.0' ],
642 silly audit   'loose-envify': [ '1.4.0' ],
642 silly audit   scheduler: [ '0.23.2' ],
642 silly audit   escalade: [ '3.2.0' ],
642 silly audit   esbuild: [ '0.18.20' ],
642 silly audit   fsevents: [ '2.3.3' ],
642 silly audit   postcss: [ '8.5.6' ],
642 silly audit   rollup: [ '3.29.5' ],
642 silly audit   '@esbuild/android-arm': [ '0.18.20' ],
642 silly audit   '@esbuild/android-arm64': [ '0.18.20' ],
642 silly audit   '@esbuild/android-x64': [ '0.18.20' ],
642 silly audit   '@esbuild/darwin-arm64': [ '0.18.20' ],
642 silly audit   '@esbuild/darwin-x64': [ '0.18.20' ],
642 silly audit   '@esbuild/freebsd-arm64': [ '0.18.20' ],
642 silly audit   '@esbuild/freebsd-x64': [ '0.18.20' ],
642 silly audit   '@esbuild/linux-arm': [ '0.18.20' ],
642 silly audit   '@esbuild/linux-arm64': [ '0.18.20' ],
642 silly audit   '@esbuild/linux-ia32': [ '0.18.20' ],
642 silly audit   '@esbuild/linux-loong64': [ '0.18.20' ],
642 silly audit   '@esbuild/linux-mips64el': [ '0.18.20' ],
642 silly audit   '@esbuild/linux-ppc64': [ '0.18.20' ],
642 silly audit   '@esbuild/linux-riscv64': [ '0.18.20' ],
642 silly audit   '@esbuild/linux-s390x': [ '0.18.20' ],
642 silly audit   '@esbuild/linux-x64': [ '0.18.20' ],
642 silly audit   '@esbuild/netbsd-x64': [ '0.18.20' ],
642 silly audit   '@esbuild/openbsd-x64': [ '0.18.20' ],
642 silly audit   '@esbuild/sunos-x64': [ '0.18.20' ],
642 silly audit   '@esbuild/win32-arm64': [ '0.18.20' ],
642 silly audit   '@esbuild/win32-ia32': [ '0.18.20' ],
642 silly audit   '@esbuild/win32-x64': [ '0.18.20' ],
642 silly audit   nanoid: [ '3.3.11' ],
642 silly audit   'source-map-js': [ '1.2.1' ]
642 silly audit }
643 http cache nanoid@https://registry.npmjs.org/nanoid/-/nanoid-3.3.11.tgz 0ms (cache hit)
644 http cache source-map-js@https://registry.npmjs.org/source-map-js/-/source-map-js-1.2.1.tgz 0ms (cache hit)
645 http cache rollup@https://registry.npmjs.org/rollup/-/rollup-3.29.5.tgz 0ms (cache hit)
646 http cache fsevents@https://registry.npmjs.org/fsevents/-/fsevents-2.3.3.tgz 0ms (cache hit)
647 http cache @esbuild/darwin-arm64@https://registry.npmjs.org/@esbuild/darwin-arm64/-/darwin-arm64-0.18.20.tgz 0ms (cache hit)
648 http cache postcss@https://registry.npmjs.org/postcss/-/postcss-8.5.6.tgz 0ms (cache hit)
649 http cache esbuild@https://registry.npmjs.org/esbuild/-/esbuild-0.18.20.tgz 0ms (cache hit)
650 http cache escalade@https://registry.npmjs.org/escalade/-/escalade-3.2.0.tgz 0ms (cache hit)
651 http cache scheduler@https://registry.npmjs.org/scheduler/-/scheduler-0.23.2.tgz 0ms (cache hit)
652 http cache loose-envify@https://registry.npmjs.org/loose-envify/-/loose-envify-1.4.0.tgz 0ms (cache hit)
653 http cache mime-db@https://registry.npmjs.org/mime-db/-/mime-db-1.52.0.tgz 0ms (cache hit)
654 http cache yallist@https://registry.npmjs.org/yallist/-/yallist-3.1.1.tgz 0ms (cache hit)
655 http cache dunder-proto@https://registry.npmjs.org/dunder-proto/-/dunder-proto-1.0.1.tgz 0ms (cache hit)
656 http cache math-intrinsics@https://registry.npmjs.org/math-intrinsics/-/math-intrinsics-1.1.0.tgz 0ms (cache hit)
657 http cache has-symbols@https://registry.npmjs.org/has-symbols/-/has-symbols-1.1.0.tgz 0ms (cache hit)
658 http cache gopd@https://registry.npmjs.org/gopd/-/gopd-1.2.0.tgz 0ms (cache hit)
659 http cache get-proto@https://registry.npmjs.org/get-proto/-/get-proto-1.0.1.tgz 0ms (cache hit)
660 http cache function-bind@https://registry.npmjs.org/function-bind/-/function-bind-1.1.2.tgz 0ms (cache hit)
661 http cache es-object-atoms@https://registry.npmjs.org/es-object-atoms/-/es-object-atoms-1.1.1.tgz 0ms (cache hit)
662 http cache call-bind-apply-helpers@https://registry.npmjs.org/call-bind-apply-helpers/-/call-bind-apply-helpers-1.0.2.tgz 0ms (cache hit)
663 http cache has-tostringtag@https://registry.npmjs.org/has-tostringtag/-/has-tostringtag-1.0.2.tgz 0ms (cache hit)
664 http cache get-intrinsic@https://registry.npmjs.org/get-intrinsic/-/get-intrinsic-1.3.0.tgz 0ms (cache hit)
665 http cache es-errors@https://registry.npmjs.org/es-errors/-/es-errors-1.3.0.tgz 0ms (cache hit)
666 http cache mime-types@https://registry.npmjs.org/mime-types/-/mime-types-2.1.35.tgz 0ms (cache hit)
667 http cache delayed-stream@https://registry.npmjs.org/delayed-stream/-/delayed-stream-1.0.0.tgz 0ms (cache hit)
668 http cache hasown@https://registry.npmjs.org/hasown/-/hasown-2.0.2.tgz 0ms (cache hit)
669 http cache combined-stream@https://registry.npmjs.org/combined-stream/-/combined-stream-1.0.8.tgz 0ms (cache hit)
670 http cache es-set-tostringtag@https://registry.npmjs.org/es-set-tostringtag/-/es-set-tostringtag-2.1.0.tgz 0ms (cache hit)
671 http cache asynckit@https://registry.npmjs.org/asynckit/-/asynckit-0.4.0.tgz 0ms (cache hit)
672 http cache ms@https://registry.npmjs.org/ms/-/ms-2.1.3.tgz 0ms (cache hit)
673 http cache update-browserslist-db@https://registry.npmjs.org/update-browserslist-db/-/update-browserslist-db-1.2.2.tgz 0ms (cache hit)
674 http cache node-releases@https://registry.npmjs.org/node-releases/-/node-releases-2.0.27.tgz 0ms (cache hit)
675 http cache caniuse-lite@https://registry.npmjs.org/caniuse-lite/-/caniuse-lite-1.0.30001759.tgz 0ms (cache hit)
676 http cache electron-to-chromium@https://registry.npmjs.org/electron-to-chromium/-/electron-to-chromium-1.5.266.tgz 0ms (cache hit)
677 http cache es-define-property@https://registry.npmjs.org/es-define-property/-/es-define-property-1.0.1.tgz 0ms (cache hit)
678 http cache baseline-browser-mapping@https://registry.npmjs.org/baseline-browser-mapping/-/baseline-browser-mapping-2.9.4.tgz 0ms (cache hit)
679 http cache proxy-from-env@https://registry.npmjs.org/proxy-from-env/-/proxy-from-env-1.1.0.tgz 0ms (cache hit)
680 http cache form-data@https://registry.npmjs.org/form-data/-/form-data-4.0.5.tgz 0ms (cache hit)
681 http cache @types/babel__generator@https://registry.npmjs.org/@types/babel__generator/-/babel__generator-7.27.0.tgz 0ms (cache hit)
682 http cache @types/babel__traverse@https://registry.npmjs.org/@types/babel__traverse/-/babel__traverse-7.28.0.tgz 0ms (cache hit)
683 http cache follow-redirects@https://registry.npmjs.org/follow-redirects/-/follow-redirects-1.15.11.tgz 0ms (cache hit)
684 http cache @jridgewell/resolve-uri@https://registry.npmjs.org/@jridgewell/resolve-uri/-/resolve-uri-3.1.2.tgz 0ms (cache hit)
685 http cache @babel/helper-string-parser@https://registry.npmjs.org/@babel/helper-string-parser/-/helper-string-parser-7.27.1.tgz 0ms (cache hit)
686 http cache @babel/helper-globals@https://registry.npmjs.org/@babel/helper-globals/-/helper-globals-7.28.0.tgz 0ms (cache hit)
687 http cache @types/babel__template@https://registry.npmjs.org/@types/babel__template/-/babel__template-7.4.4.tgz 0ms (cache hit)
688 http cache @jridgewell/sourcemap-codec@https://registry.npmjs.org/@jridgewell/sourcemap-codec/-/sourcemap-codec-1.5.5.tgz 0ms (cache hit)
689 http cache @babel/helper-plugin-utils@https://registry.npmjs.org/@babel/helper-plugin-utils/-/helper-plugin-utils-7.27.1.tgz 0ms (cache hit)
690 http cache lru-cache@https://registry.npmjs.org/lru-cache/-/lru-cache-5.1.1.tgz 0ms (cache hit)
691 http cache @babel/helper-module-imports@https://registry.npmjs.org/@babel/helper-module-imports/-/helper-module-imports-7.27.1.tgz 0ms (cache hit)
692 http cache browserslist@https://registry.npmjs.org/browserslist/-/browserslist-4.28.1.tgz 0ms (cache hit)
693 http cache jsesc@https://registry.npmjs.org/jsesc/-/jsesc-3.1.0.tgz 0ms (cache hit)
694 http cache @babel/helper-validator-option@https://registry.npmjs.org/@babel/helper-validator-option/-/helper-validator-option-7.27.1.tgz 0ms (cache hit)
695 http cache @babel/compat-data@https://registry.npmjs.org/@babel/compat-data/-/compat-data-7.28.5.tgz 0ms (cache hit)
696 http cache @jridgewell/trace-mapping@https://registry.npmjs.org/@jridgewell/trace-mapping/-/trace-mapping-0.3.31.tgz 0ms (cache hit)
697 http cache @jridgewell/gen-mapping@https://registry.npmjs.org/@jridgewell/gen-mapping/-/gen-mapping-0.3.13.tgz 0ms (cache hit)
698 http cache js-tokens@https://registry.npmjs.org/js-tokens/-/js-tokens-4.0.0.tgz 0ms (cache hit)
699 http cache semver@https://registry.npmjs.org/semver/-/semver-6.3.1.tgz 0ms (cache hit)
700 http cache picocolors@https://registry.npmjs.org/picocolors/-/picocolors-1.1.1.tgz 0ms (cache hit)
701 http cache @babel/helper-validator-identifier@https://registry.npmjs.org/@babel/helper-validator-identifier/-/helper-validator-identifier-7.28.5.tgz 0ms (cache hit)
702 http cache gensync@https://registry.npmjs.org/gensync/-/gensync-1.0.0-beta.2.tgz 0ms (cache hit)
703 http cache json5@https://registry.npmjs.org/json5/-/json5-2.2.3.tgz 0ms (cache hit)
704 http cache convert-source-map@https://registry.npmjs.org/convert-source-map/-/convert-source-map-2.0.0.tgz 0ms (cache hit)
705 http cache @jridgewell/remapping@https://registry.npmjs.org/@jridgewell/remapping/-/remapping-2.3.5.tgz 0ms (cache hit)
706 http cache debug@https://registry.npmjs.org/debug/-/debug-4.4.3.tgz 0ms (cache hit)
707 http cache @babel/types@https://registry.npmjs.org/@babel/types/-/types-7.28.5.tgz 0ms (cache hit)
708 http cache @babel/traverse@https://registry.npmjs.org/@babel/traverse/-/traverse-7.28.5.tgz 0ms (cache hit)
709 http cache @babel/template@https://registry.npmjs.org/@babel/template/-/template-7.27.2.tgz 0ms (cache hit)
710 http cache @babel/helpers@https://registry.npmjs.org/@babel/helpers/-/helpers-7.28.4.tgz 0ms (cache hit)
711 http cache @babel/helper-module-transforms@https://registry.npmjs.org/@babel/helper-module-transforms/-/helper-module-transforms-7.28.3.tgz 0ms (cache hit)
712 http cache @babel/helper-compilation-targets@https://registry.npmjs.org/@babel/helper-compilation-targets/-/helper-compilation-targets-7.27.2.tgz 0ms (cache hit)
713 http cache @babel/parser@https://registry.npmjs.org/@babel/parser/-/parser-7.28.5.tgz 0ms (cache hit)
714 http cache @babel/generator@https://registry.npmjs.org/@babel/generator/-/generator-7.28.5.tgz 0ms (cache hit)
715 http cache react-refresh@https://registry.npmjs.org/react-refresh/-/react-refresh-0.17.0.tgz 0ms (cache hit)
716 http cache @babel/code-frame@https://registry.npmjs.org/@babel/code-frame/-/code-frame-7.27.1.tgz 0ms (cache hit)
717 http cache @rolldown/pluginutils@https://registry.npmjs.org/@rolldown/pluginutils/-/pluginutils-1.0.0-beta.27.tgz 0ms (cache hit)
718 http cache @types/babel__core@https://registry.npmjs.org/@types/babel__core/-/babel__core-7.20.5.tgz 0ms (cache hit)
719 http cache @babel/plugin-transform-react-jsx-self@https://registry.npmjs.org/@babel/plugin-transform-react-jsx-self/-/plugin-transform-react-jsx-self-7.27.1.tgz 0ms (cache hit)
720 http cache @babel/plugin-transform-react-jsx-source@https://registry.npmjs.org/@babel/plugin-transform-react-jsx-source/-/plugin-transform-react-jsx-source-7.27.1.tgz 0ms (cache hit)
721 http cache @babel/core@https://registry.npmjs.org/@babel/core/-/core-7.28.5.tgz 0ms (cache hit)
722 http cache react@https://registry.npmjs.org/react/-/react-18.3.1.tgz 0ms (cache hit)
723 http cache react-dom@https://registry.npmjs.org/react-dom/-/react-dom-18.3.1.tgz 0ms (cache hit)
724 http cache @types/prop-types@https://registry.npmjs.org/@types/prop-types/-/prop-types-15.7.15.tgz 0ms (cache hit)
725 http cache csstype@https://registry.npmjs.org/csstype/-/csstype-3.2.3.tgz 0ms (cache hit)
726 http cache axios@https://registry.npmjs.org/axios/-/axios-1.13.2.tgz 0ms (cache hit)
727 http cache vite@https://registry.npmjs.org/vite/-/vite-4.5.14.tgz 0ms (cache hit)
728 http cache @vitejs/plugin-react@https://registry.npmjs.org/@vitejs/plugin-react/-/plugin-react-4.7.0.tgz 0ms (cache hit)
729 http cache @types/react@https://registry.npmjs.org/@types/react/-/react-18.3.27.tgz 0ms (cache hit)
730 http cache @types/react-dom@https://registry.npmjs.org/@types/react-dom/-/react-dom-18.3.7.tgz 0ms (cache hit)
731 silly tarball no local data for nanoid@https://registry.npmjs.org/nanoid/-/nanoid-3.3.11.tgz. Extracting by manifest.
732 silly tarball no local data for source-map-js@https://registry.npmjs.org/source-map-js/-/source-map-js-1.2.1.tgz. Extracting by manifest.
733 silly tarball no local data for rollup@https://registry.npmjs.org/rollup/-/rollup-3.29.5.tgz. Extracting by manifest.
734 silly tarball no local data for fsevents@https://registry.npmjs.org/fsevents/-/fsevents-2.3.3.tgz. Extracting by manifest.
735 silly tarball no local data for @esbuild/darwin-arm64@https://registry.npmjs.org/@esbuild/darwin-arm64/-/darwin-arm64-0.18.20.tgz. Extracting by manifest.
736 silly tarball no local data for postcss@https://registry.npmjs.org/postcss/-/postcss-8.5.6.tgz. Extracting by manifest.
737 silly tarball no local data for esbuild@https://registry.npmjs.org/esbuild/-/esbuild-0.18.20.tgz. Extracting by manifest.
738 silly tarball no local data for escalade@https://registry.npmjs.org/escalade/-/escalade-3.2.0.tgz. Extracting by manifest.
739 silly tarball no local data for scheduler@https://registry.npmjs.org/scheduler/-/scheduler-0.23.2.tgz. Extracting by manifest.
740 silly tarball no local data for loose-envify@https://registry.npmjs.org/loose-envify/-/loose-envify-1.4.0.tgz. Extracting by manifest.
741 silly tarball no local data for yallist@https://registry.npmjs.org/yallist/-/yallist-3.1.1.tgz. Extracting by manifest.
742 silly tarball no local data for delayed-stream@https://registry.npmjs.org/delayed-stream/-/delayed-stream-1.0.0.tgz. Extracting by manifest.
743 silly tarball no local data for combined-stream@https://registry.npmjs.org/combined-stream/-/combined-stream-1.0.8.tgz. Extracting by manifest.
744 silly tarball no local data for es-set-tostringtag@https://registry.npmjs.org/es-set-tostringtag/-/es-set-tostringtag-2.1.0.tgz. Extracting by manifest.
745 silly tarball no local data for asynckit@https://registry.npmjs.org/asynckit/-/asynckit-0.4.0.tgz. Extracting by manifest.
746 silly tarball no local data for update-browserslist-db@https://registry.npmjs.org/update-browserslist-db/-/update-browserslist-db-1.2.2.tgz. Extracting by manifest.
747 silly tarball no local data for node-releases@https://registry.npmjs.org/node-releases/-/node-releases-2.0.27.tgz. Extracting by manifest.
748 silly tarball no local data for caniuse-lite@https://registry.npmjs.org/caniuse-lite/-/caniuse-lite-1.0.30001759.tgz. Extracting by manifest.
749 silly tarball no local data for electron-to-chromium@https://registry.npmjs.org/electron-to-chromium/-/electron-to-chromium-1.5.266.tgz. Extracting by manifest.
750 silly tarball no local data for baseline-browser-mapping@https://registry.npmjs.org/baseline-browser-mapping/-/baseline-browser-mapping-2.9.4.tgz. Extracting by manifest.
751 silly tarball no local data for proxy-from-env@https://registry.npmjs.org/proxy-from-env/-/proxy-from-env-1.1.0.tgz. Extracting by manifest.
752 silly tarball no local data for form-data@https://registry.npmjs.org/form-data/-/form-data-4.0.5.tgz. Extracting by manifest.
753 silly tarball no local data for @types/babel__generator@https://registry.npmjs.org/@types/babel__generator/-/babel__generator-7.27.0.tgz. Extracting by manifest.
754 silly tarball no local data for @types/babel__traverse@https://registry.npmjs.org/@types/babel__traverse/-/babel__traverse-7.28.0.tgz. Extracting by manifest.
755 silly tarball no local data for follow-redirects@https://registry.npmjs.org/follow-redirects/-/follow-redirects-1.15.11.tgz. Extracting by manifest.
756 silly tarball no local data for @jridgewell/resolve-uri@https://registry.npmjs.org/@jridgewell/resolve-uri/-/resolve-uri-3.1.2.tgz. Extracting by manifest.
757 silly tarball no local data for @babel/helper-string-parser@https://registry.npmjs.org/@babel/helper-string-parser/-/helper-string-parser-7.27.1.tgz. Extracting by manifest.
758 silly tarball no local data for @babel/helper-globals@https://registry.npmjs.org/@babel/helper-globals/-/helper-globals-7.28.0.tgz. Extracting by manifest.
759 silly tarball no local data for @types/babel__template@https://registry.npmjs.org/@types/babel__template/-/babel__template-7.4.4.tgz. Extracting by manifest.
760 silly tarball no local data for @jridgewell/sourcemap-codec@https://registry.npmjs.org/@jridgewell/sourcemap-codec/-/sourcemap-codec-1.5.5.tgz. Extracting by manifest.
761 silly tarball no local data for @babel/helper-plugin-utils@https://registry.npmjs.org/@babel/helper-plugin-utils/-/helper-plugin-utils-7.27.1.tgz. Extracting by manifest.
762 silly tarball no local data for lru-cache@https://registry.npmjs.org/lru-cache/-/lru-cache-5.1.1.tgz. Extracting by manifest.
763 silly tarball no local data for @babel/helper-module-imports@https://registry.npmjs.org/@babel/helper-module-imports/-/helper-module-imports-7.27.1.tgz. Extracting by manifest.
764 silly tarball no local data for browserslist@https://registry.npmjs.org/browserslist/-/browserslist-4.28.1.tgz. Extracting by manifest.
765 silly tarball no local data for jsesc@https://registry.npmjs.org/jsesc/-/jsesc-3.1.0.tgz. Extracting by manifest.
766 silly tarball no local data for @babel/helper-validator-option@https://registry.npmjs.org/@babel/helper-validator-option/-/helper-validator-option-7.27.1.tgz. Extracting by manifest.
767 silly tarball no local data for @babel/compat-data@https://registry.npmjs.org/@babel/compat-data/-/compat-data-7.28.5.tgz. Extracting by manifest.
768 silly tarball no local data for @jridgewell/trace-mapping@https://registry.npmjs.org/@jridgewell/trace-mapping/-/trace-mapping-0.3.31.tgz. Extracting by manifest.
769 silly tarball no local data for @jridgewell/gen-mapping@https://registry.npmjs.org/@jridgewell/gen-mapping/-/gen-mapping-0.3.13.tgz. Extracting by manifest.
770 silly tarball no local data for js-tokens@https://registry.npmjs.org/js-tokens/-/js-tokens-4.0.0.tgz. Extracting by manifest.
771 silly tarball no local data for semver@https://registry.npmjs.org/semver/-/semver-6.3.1.tgz. Extracting by manifest.
772 silly tarball no local data for picocolors@https://registry.npmjs.org/picocolors/-/picocolors-1.1.1.tgz. Extracting by manifest.
773 silly tarball no local data for @babel/helper-validator-identifier@https://registry.npmjs.org/@babel/helper-validator-identifier/-/helper-validator-identifier-7.28.5.tgz. Extracting by manifest.
774 silly tarball no local data for gensync@https://registry.npmjs.org/gensync/-/gensync-1.0.0-beta.2.tgz. Extracting by manifest.
775 silly tarball no local data for json5@https://registry.npmjs.org/json5/-/json5-2.2.3.tgz. Extracting by manifest.
776 silly tarball no local data for convert-source-map@https://registry.npmjs.org/convert-source-map/-/convert-source-map-2.0.0.tgz. Extracting by manifest.
777 silly tarball no local data for @jridgewell/remapping@https://registry.npmjs.org/@jridgewell/remapping/-/remapping-2.3.5.tgz. Extracting by manifest.
778 silly tarball no local data for @babel/types@https://registry.npmjs.org/@babel/types/-/types-7.28.5.tgz. Extracting by manifest.
779 silly tarball no local data for @babel/traverse@https://registry.npmjs.org/@babel/traverse/-/traverse-7.28.5.tgz. Extracting by manifest.
780 silly tarball no local data for @babel/template@https://registry.npmjs.org/@babel/template/-/template-7.27.2.tgz. Extracting by manifest.
781 silly tarball no local data for @babel/helpers@https://registry.npmjs.org/@babel/helpers/-/helpers-7.28.4.tgz. Extracting by manifest.
782 silly tarball no local data for @babel/helper-module-transforms@https://registry.npmjs.org/@babel/helper-module-transforms/-/helper-module-transforms-7.28.3.tgz. Extracting by manifest.
783 silly tarball no local data for @babel/helper-compilation-targets@https://registry.npmjs.org/@babel/helper-compilation-targets/-/helper-compilation-targets-7.27.2.tgz. Extracting by manifest.
784 silly tarball no local data for @babel/parser@https://registry.npmjs.org/@babel/parser/-/parser-7.28.5.tgz. Extracting by manifest.
785 silly tarball no local data for react-refresh@https://registry.npmjs.org/react-refresh/-/react-refresh-0.17.0.tgz. Extracting by manifest.
786 silly tarball no local data for @babel/generator@https://registry.npmjs.org/@babel/generator/-/generator-7.28.5.tgz. Extracting by manifest.
787 silly tarball no local data for @babel/code-frame@https://registry.npmjs.org/@babel/code-frame/-/code-frame-7.27.1.tgz. Extracting by manifest.
788 silly tarball no local data for @rolldown/pluginutils@https://registry.npmjs.org/@rolldown/pluginutils/-/pluginutils-1.0.0-beta.27.tgz. Extracting by manifest.
789 silly tarball no local data for @types/babel__core@https://registry.npmjs.org/@types/babel__core/-/babel__core-7.20.5.tgz. Extracting by manifest.
790 silly tarball no local data for @babel/plugin-transform-react-jsx-self@https://registry.npmjs.org/@babel/plugin-transform-react-jsx-self/-/plugin-transform-react-jsx-self-7.27.1.tgz. Extracting by manifest.
791 silly tarball no local data for @babel/plugin-transform-react-jsx-source@https://registry.npmjs.org/@babel/plugin-transform-react-jsx-source/-/plugin-transform-react-jsx-source-7.27.1.tgz. Extracting by manifest.
792 silly tarball no local data for @babel/core@https://registry.npmjs.org/@babel/core/-/core-7.28.5.tgz. Extracting by manifest.
793 silly tarball no local data for react@https://registry.npmjs.org/react/-/react-18.3.1.tgz. Extracting by manifest.
794 silly tarball no local data for react-dom@https://registry.npmjs.org/react-dom/-/react-dom-18.3.1.tgz. Extracting by manifest.
795 silly tarball no local data for @types/prop-types@https://registry.npmjs.org/@types/prop-types/-/prop-types-15.7.15.tgz. Extracting by manifest.
796 silly tarball no local data for csstype@https://registry.npmjs.org/csstype/-/csstype-3.2.3.tgz. Extracting by manifest.
797 silly tarball no local data for axios@https://registry.npmjs.org/axios/-/axios-1.13.2.tgz. Extracting by manifest.
798 silly tarball no local data for vite@https://registry.npmjs.org/vite/-/vite-4.5.14.tgz. Extracting by manifest.
799 silly tarball no local data for @vitejs/plugin-react@https://registry.npmjs.org/@vitejs/plugin-react/-/plugin-react-4.7.0.tgz. Extracting by manifest.
800 silly tarball no local data for @types/react@https://registry.npmjs.org/@types/react/-/react-18.3.27.tgz. Extracting by manifest.
801 silly tarball no local data for @types/react-dom@https://registry.npmjs.org/@types/react-dom/-/react-dom-18.3.7.tgz. Extracting by manifest.
802 http fetch GET 200 https://registry.npmjs.org/fsevents/-/fsevents-2.3.3.tgz 130ms (cache miss)
803 http fetch GET 200 https://registry.npmjs.org/nanoid/-/nanoid-3.3.11.tgz 146ms (cache miss)
804 http fetch GET 200 https://registry.npmjs.org/escalade/-/escalade-3.2.0.tgz 159ms (cache miss)
805 http fetch GET 200 https://registry.npmjs.org/source-map-js/-/source-map-js-1.2.1.tgz 171ms (cache miss)
806 http fetch GET 200 https://registry.npmjs.org/esbuild/-/esbuild-0.18.20.tgz 174ms (cache miss)
807 http fetch GET 200 https://registry.npmjs.org/postcss/-/postcss-8.5.6.tgz 181ms (cache miss)
808 http fetch POST 200 https://registry.npmjs.org/-/npm/v1/security/advisories/bulk 259ms
809 silly audit report {
809 silly audit report   vite: [
809 silly audit report     {
809 silly audit report       id: 1107323,
809 silly audit report       url: 'https://github.com/advisories/GHSA-g4jq-h2w9-997c',
809 silly audit report       title: 'Vite middleware may serve files starting with the same name with the public directory',
809 silly audit report       severity: 'low',
809 silly audit report       vulnerable_versions: '<=5.4.19',
809 silly audit report       cwe: [Array],
809 silly audit report       cvss: [Object]
809 silly audit report     },
809 silly audit report     {
809 silly audit report       id: 1107327,
809 silly audit report       url: 'https://github.com/advisories/GHSA-jqfw-vq24-v9c3',
809 silly audit report       title: "Vite's `server.fs` settings were not applied to HTML files",
809 silly audit report       severity: 'low',
809 silly audit report       vulnerable_versions: '<=5.4.19',
809 silly audit report       cwe: [Array],
809 silly audit report       cvss: [Object]
809 silly audit report     },
809 silly audit report     {
809 silly audit report       id: 1109132,
809 silly audit report       url: 'https://github.com/advisories/GHSA-93m4-6634-74q7',
809 silly audit report       title: 'vite allows server.fs.deny bypass via backslash on Windows',
809 silly audit report       severity: 'moderate',
809 silly audit report       vulnerable_versions: '>=4.5.3 <5.0.0',
809 silly audit report       cwe: [Array],
809 silly audit report       cvss: [Object]
809 silly audit report     }
809 silly audit report   ],
809 silly audit report   esbuild: [
809 silly audit report     {
809 silly audit report       id: 1102341,
809 silly audit report       url: 'https://github.com/advisories/GHSA-67mh-4wv8-2f99',
809 silly audit report       title: 'esbuild enables any website to send any requests to the development server and read the response',
809 silly audit report       severity: 'moderate',
809 silly audit report       vulnerable_versions: '<=0.24.2',
809 silly audit report       cwe: [Array],
809 silly audit report       cvss: [Object]
809 silly audit report     }
809 silly audit report   ]
809 silly audit report }
810 silly packumentCache corgi:https://registry.npmjs.org/vite cache-miss
811 silly packumentCache corgi:https://registry.npmjs.org/esbuild cache-miss
812 http fetch GET 200 https://registry.npmjs.org/asynckit/-/asynckit-0.4.0.tgz 244ms (cache miss)
813 http fetch GET 200 https://registry.npmjs.org/rollup/-/rollup-3.29.5.tgz 250ms (cache miss)
814 http fetch GET 200 https://registry.npmjs.org/update-browserslist-db/-/update-browserslist-db-1.2.2.tgz 264ms (cache miss)
815 http fetch GET 200 https://registry.npmjs.org/baseline-browser-mapping/-/baseline-browser-mapping-2.9.4.tgz 285ms (cache miss)
816 http fetch GET 200 https://registry.npmjs.org/node-releases/-/node-releases-2.0.27.tgz 300ms (cache miss)
817 http fetch GET 200 https://registry.npmjs.org/electron-to-chromium/-/electron-to-chromium-1.5.266.tgz 309ms (cache miss)
818 http fetch GET 200 https://registry.npmjs.org/proxy-from-env/-/proxy-from-env-1.1.0.tgz 347ms (cache miss)
819 http fetch GET 200 https://registry.npmjs.org/form-data/-/form-data-4.0.5.tgz 358ms (cache miss)
820 http fetch GET 200 https://registry.npmjs.org/@types/babel__generator/-/babel__generator-7.27.0.tgz 360ms (cache miss)
821 http fetch GET 200 https://registry.npmjs.org/loose-envify/-/loose-envify-1.4.0.tgz 438ms (cache miss)
822 http fetch GET 200 https://registry.npmjs.org/@types/babel__traverse/-/babel__traverse-7.28.0.tgz 443ms (cache miss)
823 http fetch GET 200 https://registry.npmjs.org/follow-redirects/-/follow-redirects-1.15.11.tgz 448ms (cache miss)
824 http fetch GET 200 https://registry.npmjs.org/@babel/helper-string-parser/-/helper-string-parser-7.27.1.tgz 452ms (cache miss)
825 http fetch GET 200 https://registry.npmjs.org/delayed-stream/-/delayed-stream-1.0.0.tgz 487ms (cache miss)
826 http fetch GET 200 https://registry.npmjs.org/@types/babel__template/-/babel__template-7.4.4.tgz 486ms (cache miss)
827 http fetch GET 200 https://registry.npmjs.org/@jridgewell/resolve-uri/-/resolve-uri-3.1.2.tgz 487ms (cache miss)
828 http fetch GET 200 https://registry.npmjs.org/@babel/helper-globals/-/helper-globals-7.28.0.tgz 501ms (cache miss)
829 http fetch GET 200 https://registry.npmjs.org/@babel/helper-plugin-utils/-/helper-plugin-utils-7.27.1.tgz 502ms (cache miss)
830 http fetch GET 200 https://registry.npmjs.org/es-set-tostringtag/-/es-set-tostringtag-2.1.0.tgz 516ms (cache miss)
831 http fetch GET 200 https://registry.npmjs.org/combined-stream/-/combined-stream-1.0.8.tgz 518ms (cache miss)
832 http fetch GET 200 https://registry.npmjs.org/@jridgewell/sourcemap-codec/-/sourcemap-codec-1.5.5.tgz 531ms (cache miss)
833 http fetch GET 200 https://registry.npmjs.org/yallist/-/yallist-3.1.1.tgz 563ms (cache miss)
834 http fetch GET 200 https://registry.npmjs.org/lru-cache/-/lru-cache-5.1.1.tgz 565ms (cache miss)
835 http fetch GET 200 https://registry.npmjs.org/browserslist/-/browserslist-4.28.1.tgz 566ms (cache miss)
836 http fetch GET 200 https://registry.npmjs.org/scheduler/-/scheduler-0.23.2.tgz 578ms (cache miss)
837 http fetch GET 200 https://registry.npmjs.org/jsesc/-/jsesc-3.1.0.tgz 572ms (cache miss)
838 http fetch GET 200 https://registry.npmjs.org/@babel/helper-module-imports/-/helper-module-imports-7.27.1.tgz 574ms (cache miss)
839 http fetch GET 200 https://registry.npmjs.org/@babel/compat-data/-/compat-data-7.28.5.tgz 592ms (cache miss)
840 http fetch GET 200 https://registry.npmjs.org/@babel/helper-validator-option/-/helper-validator-option-7.27.1.tgz 595ms (cache miss)
841 http fetch GET 200 https://registry.npmjs.org/js-tokens/-/js-tokens-4.0.0.tgz 612ms (cache miss)
842 http fetch GET 200 https://registry.npmjs.org/picocolors/-/picocolors-1.1.1.tgz 646ms (cache miss)
843 http fetch GET 200 https://registry.npmjs.org/semver/-/semver-6.3.1.tgz 717ms (cache miss)
844 http fetch GET 200 https://registry.npmjs.org/@babel/helper-validator-identifier/-/helper-validator-identifier-7.28.5.tgz 718ms (cache miss)
845 http fetch GET 200 https://registry.npmjs.org/convert-source-map/-/convert-source-map-2.0.0.tgz 725ms (cache miss)
846 http fetch GET 200 https://registry.npmjs.org/gensync/-/gensync-1.0.0-beta.2.tgz 732ms (cache miss)
847 http fetch GET 200 https://registry.npmjs.org/react-refresh/-/react-refresh-0.17.0.tgz 787ms (cache miss)
848 http fetch GET 200 https://registry.npmjs.org/@jridgewell/gen-mapping/-/gen-mapping-0.3.13.tgz 812ms (cache miss)
849 http fetch GET 200 https://registry.npmjs.org/@babel/code-frame/-/code-frame-7.27.1.tgz 812ms (cache miss)
850 http fetch GET 200 https://registry.npmjs.org/@babel/template/-/template-7.27.2.tgz 840ms (cache miss)
851 http fetch GET 200 https://registry.npmjs.org/@babel/helper-compilation-targets/-/helper-compilation-targets-7.27.2.tgz 946ms (cache miss)
852 http fetch GET 200 https://registry.npmjs.org/@babel/helper-module-transforms/-/helper-module-transforms-7.28.3.tgz 956ms (cache miss)
853 http fetch GET 200 https://registry.npmjs.org/@types/babel__core/-/babel__core-7.20.5.tgz 1014ms (cache miss)
854 http fetch GET 200 https://registry.npmjs.org/@jridgewell/remapping/-/remapping-2.3.5.tgz 1026ms (cache miss)
855 http fetch GET 200 https://registry.npmjs.org/json5/-/json5-2.2.3.tgz 1050ms (cache miss)
856 http fetch GET 200 https://registry.npmjs.org/@babel/plugin-transform-react-jsx-self/-/plugin-transform-react-jsx-self-7.27.1.tgz 1056ms (cache miss)
857 http fetch GET 200 https://registry.npmjs.org/@rolldown/pluginutils/-/pluginutils-1.0.0-beta.27.tgz 1058ms (cache miss)
858 http fetch GET 200 https://registry.npmjs.org/@babel/plugin-transform-react-jsx-source/-/plugin-transform-react-jsx-source-7.27.1.tgz 1070ms (cache miss)
859 http fetch GET 200 https://registry.npmjs.org/@types/react-dom/-/react-dom-18.3.7.tgz 1073ms (cache miss)
860 http fetch GET 200 https://registry.npmjs.org/@types/prop-types/-/prop-types-15.7.15.tgz 1085ms (cache miss)
861 http fetch GET 200 https://registry.npmjs.org/@vitejs/plugin-react/-/plugin-react-4.7.0.tgz 1095ms (cache miss)
862 http fetch GET 200 https://registry.npmjs.org/@jridgewell/trace-mapping/-/trace-mapping-0.3.31.tgz 1144ms (cache miss)
863 http fetch GET 200 https://registry.npmjs.org/react/-/react-18.3.1.tgz 1177ms (cache miss)
864 http fetch GET 200 https://registry.npmjs.org/@types/react/-/react-18.3.27.tgz 1185ms (cache miss)
865 http fetch GET 200 https://registry.npmjs.org/csstype/-/csstype-3.2.3.tgz 1204ms (cache miss)
866 http fetch GET 200 https://registry.npmjs.org/@babel/parser/-/parser-7.28.5.tgz 1238ms (cache miss)
867 http fetch GET 200 https://registry.npmjs.org/vite 1043ms (cache miss)
868 silly packumentCache corgi:https://registry.npmjs.org/vite set size:undefined disposed:false
869 http fetch GET 200 https://registry.npmjs.org/@babel/generator/-/generator-7.28.5.tgz 1386ms (cache miss)
870 http fetch GET 200 https://registry.npmjs.org/esbuild 1162ms (cache miss)
871 silly packumentCache corgi:https://registry.npmjs.org/esbuild set size:undefined disposed:false
872 silly packumentCache corgi:https://registry.npmjs.org/@vitejs%2fplugin-react cache-miss
873 http fetch GET 200 https://registry.npmjs.org/@esbuild/darwin-arm64/-/darwin-arm64-0.18.20.tgz 1477ms (cache miss)
874 http fetch GET 200 https://registry.npmjs.org/@babel/traverse/-/traverse-7.28.5.tgz 1471ms (cache miss)
875 http fetch GET 200 https://registry.npmjs.org/vite/-/vite-4.5.14.tgz 1508ms (cache miss)
876 http fetch GET 200 https://registry.npmjs.org/react-dom/-/react-dom-18.3.1.tgz 1534ms (cache miss)
877 http fetch GET 200 https://registry.npmjs.org/axios/-/axios-1.13.2.tgz 1586ms (cache miss)
878 http fetch GET 200 https://registry.npmjs.org/@babel/core/-/core-7.28.5.tgz 1620ms (cache miss)
879 http fetch GET 200 https://registry.npmjs.org/@babel/types/-/types-7.28.5.tgz 1682ms (cache miss)
880 http fetch GET 200 https://registry.npmjs.org/@babel/helpers/-/helpers-7.28.4.tgz 1698ms (cache miss)
881 http fetch GET 200 https://registry.npmjs.org/@vitejs%2fplugin-react 291ms (cache miss)
882 silly packumentCache corgi:https://registry.npmjs.org/@vitejs%2fplugin-react set size:undefined disposed:false
883 http fetch GET 200 https://registry.npmjs.org/caniuse-lite/-/caniuse-lite-1.0.30001759.tgz 1997ms (cache miss)
884 info run fsevents@2.3.3 install node_modules/fsevents node-gyp rebuild
885 info run fsevents@2.3.3 install { code: 1, signal: null }
886 verbose reify failed optional dependency /Users/admin/Desktop/字节/课题/mini-ad-wall/client/node_modules/fsevents
887 silly reify mark deleted [
887 silly reify   '/Users/admin/Desktop/字节/课题/mini-ad-wall/client/node_modules/fsevents'
887 silly reify ]
888 info run esbuild@0.18.20 postinstall node_modules/esbuild node install.js
889 info run esbuild@0.18.20 postinstall { code: 0, signal: null }
890 silly ADD node_modules/source-map-js
891 silly ADD node_modules/nanoid
892 silly ADD node_modules/@esbuild/darwin-arm64
893 silly ADD node_modules/rollup
894 silly ADD node_modules/postcss
895 silly ADD
896 silly ADD node_modules/esbuild
897 silly ADD node_modules/escalade
898 silly ADD node_modules/scheduler
899 silly ADD node_modules/loose-envify
900 silly ADD node_modules/mime-db
901 silly ADD node_modules/yallist
902 silly ADD node_modules/dunder-proto
903 silly ADD node_modules/math-intrinsics
904 silly ADD node_modules/has-symbols
905 silly ADD node_modules/gopd
906 silly ADD node_modules/get-proto
907 silly ADD node_modules/function-bind
908 silly ADD node_modules/es-object-atoms
909 silly ADD node_modules/es-define-property
910 silly ADD node_modules/call-bind-apply-helpers
911 silly ADD node_modules/has-tostringtag
912 silly ADD node_modules/get-intrinsic
913 silly ADD node_modules/es-errors
914 silly ADD node_modules/delayed-stream
915 silly ADD node_modules/mime-types
916 silly ADD node_modules/hasown
917 silly ADD node_modules/es-set-tostringtag
918 silly ADD node_modules/combined-stream
919 silly ADD node_modules/asynckit
920 silly ADD node_modules/ms
921 silly ADD node_modules/update-browserslist-db
922 silly ADD node_modules/node-releases
923 silly ADD node_modules/electron-to-chromium
924 silly ADD node_modules/caniuse-lite
925 silly ADD node_modules/baseline-browser-mapping
926 silly ADD node_modules/proxy-from-env
927 silly ADD node_modules/form-data
928 silly ADD node_modules/follow-redirects
929 silly ADD node_modules/@types/babel__traverse
930 silly ADD node_modules/@types/babel__template
931 silly ADD node_modules/@types/babel__generator
932 silly ADD node_modules/@jridgewell/resolve-uri
933 silly ADD node_modules/@jridgewell/sourcemap-codec
934 silly ADD node_modules/@babel/helper-string-parser
935 silly ADD node_modules/@babel/helper-globals
936 silly ADD node_modules/@babel/helper-plugin-utils
937 silly ADD node_modules/@babel/helper-module-imports
938 silly ADD node_modules/lru-cache
939 silly ADD node_modules/browserslist
940 silly ADD node_modules/@babel/helper-validator-option
941 silly ADD node_modules/@babel/compat-data
942 silly ADD node_modules/jsesc
943 silly ADD node_modules/@jridgewell/trace-mapping
944 silly ADD node_modules/@jridgewell/gen-mapping
945 silly ADD node_modules/picocolors
946 silly ADD node_modules/js-tokens
947 silly ADD node_modules/@babel/helper-validator-identifier
948 silly ADD node_modules/semver
949 silly ADD node_modules/json5
950 silly ADD node_modules/gensync
951 silly ADD node_modules/debug
952 silly ADD node_modules/convert-source-map
953 silly ADD node_modules/@jridgewell/remapping
954 silly ADD node_modules/@babel/types
955 silly ADD node_modules/@babel/traverse
956 silly ADD node_modules/@babel/template
957 silly ADD node_modules/@babel/parser
958 silly ADD node_modules/@babel/helpers
959 silly ADD node_modules/@babel/helper-module-transforms
960 silly ADD node_modules/@babel/helper-compilation-targets
961 silly ADD node_modules/@babel/generator
962 silly ADD node_modules/@babel/code-frame
963 silly ADD node_modules/react-refresh
964 silly ADD node_modules/@types/babel__core
965 silly ADD node_modules/@rolldown/pluginutils
966 silly ADD node_modules/@babel/plugin-transform-react-jsx-source
967 silly ADD node_modules/@babel/plugin-transform-react-jsx-self
968 silly ADD node_modules/@babel/core
969 silly ADD node_modules/csstype
970 silly ADD node_modules/@types/prop-types
971 silly ADD node_modules/react-dom
972 silly ADD node_modules/react
973 silly ADD node_modules/axios
974 silly ADD node_modules/vite
975 silly ADD node_modules/@vitejs/plugin-react
976 silly ADD node_modules/@types/react-dom
977 silly ADD node_modules/@types/react
978 verbose cwd /Users/admin/Desktop/字节/课题/mini-ad-wall/client
979 verbose os Darwin 25.0.0
980 verbose node v24.11.1
981 verbose npm  v11.6.2
982 verbose exit 0
983 info ok
